{
  "numFailedTestSuites": 0,
  "numFailedTests": 0,
  "numPassedTestSuites": 1,
  "numPassedTests": 1,
  "numPendingTestSuites": 0,
  "numPendingTests": 0,
  "numRuntimeErrorTestSuites": 0,
  "numTotalTestSuites": 1,
  "numTotalTests": 1,
  "snapshot": {
    "added": 0,
    "didUpdate": false,
    "failure": false,
    "filesAdded": 0,
    "filesRemoved": 0,
    "filesUnmatched": 0,
    "filesUpdated": 0,
    "matched": 0,
    "total": 0,
    "unchecked": 0,
    "uncheckedKeys": [],
    "unmatched": 0,
    "updated": 0
  },
  "startTime": 1524492014419,
  "success": true,
  "testResults": [
    {
      "console": null,
      "failureMessage": null,
      "numFailingTests": 0,
      "numPassingTests": 1,
      "numPendingTests": 0,
      "perfStats": {
        "end": 1524492053860,
        "start": 1524492015408
      },
      "snapshot": {
        "added": 0,
        "fileDeleted": false,
        "matched": 0,
        "unchecked": 0,
        "unmatched": 0,
        "updated": 0,
        "uncheckedKeys": []
      },
      "testFilePath": "/Users/jcnt514/Desktop/New/app_mobile_carrier360_new/e2e/Appium/Test_Suite/TC1.login.test.js",
      "testResults": [
        {
          "ancestorTitles": [],
          "duration": 3019,
          "failureMessages": [],
          "fullName": "Check Login",
          "location": null,
          "numPassingAsserts": 0,
          "status": "passed",
          "title": "Check Login"
        }
      ],
      "sourceMaps": {},
      "skipped": false,
      "leaks": false
    }
  ],
  "wasInterrupted": false,
  "coverageMap": {
    "/Users/jcnt514/Desktop/New/app_mobile_carrier360_new/src/state/reducers/navigation/navigation.reducer.js": {
      "path": "/Users/jcnt514/Desktop/New/app_mobile_carrier360_new/src/state/reducers/navigation/navigation.reducer.js",
      "statementMap": {
        "0": {
          "start": {
            "line": 1,
            "column": 0
          },
          "end": {
            "line": 3,
            "column": -1
          }
        },
        "1": {
          "start": {
            "line": 3,
            "column": 19
          },
          "end": {
            "line": 3,
            "column": 0
          }
        },
        "2": {
          "start": {
            "line": 4,
            "column": 21
          },
          "end": {
            "line": 4,
            "column": 0
          }
        },
        "3": {
          "start": {
            "line": 6,
            "column": 15
          },
          "end": {
            "line": 6,
            "column": 14
          }
        },
        "4": {
          "start": {
            "line": 6,
            "column": 15
          },
          "end": {
            "line": 6,
            "column": 48
          }
        },
        "5": {
          "start": {
            "line": 6,
            "column": 15
          },
          "end": {
            "line": null,
            "column": -1
          }
        }
      },
      "fnMap": {},
      "branchMap": {
        "0": {
          "loc": {
            "start": {
              "line": 6,
              "column": 15
            },
            "end": {
              "line": 6,
              "column": 23
            }
          },
          "type": "cond-expr",
          "locations": [
            {
              "start": {
                "line": 6,
                "column": 15
              },
              "end": {
                "line": 6,
                "column": 23
              }
            },
            {
              "start": {
                "line": 6,
                "column": 24
              },
              "end": {
                "line": 6,
                "column": 15
              }
            }
          ]
        },
        "1": {
          "loc": {
            "start": {
              "line": 6,
              "column": 15
            },
            "end": {
              "line": 6,
              "column": 23
            }
          },
          "type": "binary-expr",
          "locations": [
            {
              "start": {
                "line": 6,
                "column": 15
              },
              "end": {
                "line": 6,
                "column": 23
              }
            },
            {
              "start": {
                "line": 6,
                "column": 15
              },
              "end": {
                "line": 6,
                "column": 23
              }
            }
          ]
        },
        "2": {
          "loc": {
            "start": {
              "line": 6,
              "column": 49
            },
            "end": {
              "line": 6,
              "column": 95
            }
          },
          "type": "binary-expr",
          "locations": [
            {
              "start": {
                "line": 6,
                "column": 49
              },
              "end": {
                "line": 6,
                "column": 95
              }
            },
            {
              "start": {
                "line": 6,
                "column": 96
              },
              "end": {
                "line": 6,
                "column": 15
              }
            }
          ]
        }
      },
      "s": {
        "0": 0,
        "1": 0,
        "2": 0,
        "3": 0,
        "4": 0,
        "5": 0
      },
      "f": {},
      "b": {
        "0": [
          0,
          0
        ],
        "1": [
          0,
          0
        ],
        "2": [
          0,
          0
        ]
      }
    },
    "/Users/jcnt514/Desktop/New/app_mobile_carrier360_new/src/state/reducers/navigation/index.js": {
      "path": "/Users/jcnt514/Desktop/New/app_mobile_carrier360_new/src/state/reducers/navigation/index.js",
      "statementMap": {
        "0": {
          "start": {
            "line": 1,
            "column": 0
          },
          "end": {
            "line": null,
            "column": -1
          }
        }
      },
      "fnMap": {},
      "branchMap": {},
      "s": {
        "0": 0
      },
      "f": {},
      "b": {}
    },
    "/Users/jcnt514/Desktop/New/app_mobile_carrier360_new/src/state/sagas/genesis/index.js": {
      "path": "/Users/jcnt514/Desktop/New/app_mobile_carrier360_new/src/state/sagas/genesis/index.js",
      "statementMap": {
        "0": {
          "start": {
            "line": 1,
            "column": 0
          },
          "end": {
            "line": null,
            "column": -1
          }
        }
      },
      "fnMap": {},
      "branchMap": {},
      "s": {
        "0": 0
      },
      "f": {},
      "b": {}
    },
    "/Users/jcnt514/Desktop/New/app_mobile_carrier360_new/src/state/sagas/genesis/genesis.saga.js": {
      "path": "/Users/jcnt514/Desktop/New/app_mobile_carrier360_new/src/state/sagas/genesis/genesis.saga.js",
      "statementMap": {
        "0": {
          "start": {
            "line": 1,
            "column": 0
          },
          "end": {
            "line": 2,
            "column": -1
          }
        },
        "1": {
          "start": {
            "line": 2,
            "column": 0
          },
          "end": {
            "line": 3,
            "column": -1
          }
        },
        "2": {
          "start": {
            "line": 3,
            "column": 0
          },
          "end": {
            "line": 4,
            "column": -1
          }
        },
        "3": {
          "start": {
            "line": 4,
            "column": 0
          },
          "end": {
            "line": null,
            "column": -1
          }
        },
        "4": {
          "start": {
            "line": 5,
            "column": 0
          },
          "end": {
            "line": null,
            "column": -1
          }
        },
        "5": {
          "start": {
            "line": 6,
            "column": 0
          },
          "end": {
            "line": 7,
            "column": -1
          }
        },
        "6": {
          "start": {
            "line": 7,
            "column": 0
          },
          "end": {
            "line": null,
            "column": -1
          }
        },
        "7": {
          "start": {
            "line": 9,
            "column": 15
          },
          "end": {
            "line": 13,
            "column": -1
          }
        },
        "8": {
          "start": {
            "line": 9,
            "column": 15
          },
          "end": {
            "line": 10,
            "column": 7
          }
        },
        "9": {
          "start": {
            "line": 13,
            "column": 0
          },
          "end": {
            "line": 24,
            "column": -1
          }
        },
        "10": {
          "start": {
            "line": 15,
            "column": 8
          },
          "end": {
            "line": 13,
            "column": 0
          }
        },
        "11": {
          "start": {
            "line": 13,
            "column": 0
          },
          "end": {
            "line": 16,
            "column": 7
          }
        },
        "12": {
          "start": {
            "line": 13,
            "column": 0
          },
          "end": {
            "line": 21,
            "column": 7
          }
        },
        "13": {
          "start": {
            "line": 25,
            "column": 2
          },
          "end": {
            "line": 26,
            "column": 1
          }
        },
        "14": {
          "start": {
            "line": 28,
            "column": 25
          },
          "end": {
            "line": 28,
            "column": 24
          }
        },
        "15": {
          "start": {
            "line": 31,
            "column": 2
          },
          "end": {
            "line": 32,
            "column": 1
          }
        }
      },
      "fnMap": {
        "0": {
          "name": "genesisSaga",
          "decl": {
            "start": {
              "line": 9,
              "column": 25
            },
            "end": {
              "line": 9,
              "column": 15
            }
          },
          "loc": {
            "start": {
              "line": 9,
              "column": 15
            },
            "end": {
              "line": 13,
              "column": 0
            }
          }
        },
        "1": {
          "name": "genesisSaga$",
          "decl": {
            "start": {
              "line": 9,
              "column": 15
            },
            "end": {
              "line": 10,
              "column": 7
            }
          },
          "loc": {
            "start": {
              "line": 9,
              "column": 15
            },
            "end": {
              "line": 13,
              "column": -1
            }
          }
        },
        "2": {
          "name": "genesis",
          "decl": {
            "start": {
              "line": 13,
              "column": 10
            },
            "end": {
              "line": 13,
              "column": 0
            }
          },
          "loc": {
            "start": {
              "line": 13,
              "column": 0
            },
            "end": {
              "line": 24,
              "column": 0
            }
          }
        },
        "3": {
          "name": "genesis$",
          "decl": {
            "start": {
              "line": 13,
              "column": 0
            },
            "end": {
              "line": 15,
              "column": 7
            }
          },
          "loc": {
            "start": {
              "line": 13,
              "column": 0
            },
            "end": {
              "line": 24,
              "column": -1
            }
          }
        },
        "4": {
          "name": "rehydrateStore",
          "decl": {
            "start": {
              "line": 24,
              "column": 9
            },
            "end": {
              "line": 24,
              "column": 0
            }
          },
          "loc": {
            "start": {
              "line": 24,
              "column": 26
            },
            "end": {
              "line": 28,
              "column": 0
            }
          }
        },
        "5": {
          "name": "initDynatrace",
          "decl": {
            "start": {
              "line": 28,
              "column": 9
            },
            "end": {
              "line": 28,
              "column": 0
            }
          },
          "loc": {
            "start": {
              "line": 28,
              "column": 25
            },
            "end": {
              "line": 32,
              "column": 1
            }
          }
        }
      },
      "branchMap": {
        "0": {
          "loc": {
            "start": {
              "line": 9,
              "column": 15
            },
            "end": {
              "line": 13,
              "column": -1
            }
          },
          "type": "switch",
          "locations": [
            {
              "start": {
                "line": 9,
                "column": 15
              },
              "end": {
                "line": 13,
                "column": -1
              }
            },
            {
              "start": {
                "line": 9,
                "column": 15
              },
              "end": {
                "line": 13,
                "column": -1
              }
            },
            {
              "start": {
                "line": 9,
                "column": 15
              },
              "end": {
                "line": 13,
                "column": -1
              }
            }
          ]
        },
        "1": {
          "loc": {
            "start": {
              "line": 13,
              "column": 0
            },
            "end": {
              "line": 21,
              "column": 7
            }
          },
          "type": "switch",
          "locations": [
            {
              "start": {
                "line": 13,
                "column": 0
              },
              "end": {
                "line": 21,
                "column": 7
              }
            },
            {
              "start": {
                "line": 13,
                "column": 0
              },
              "end": {
                "line": 24,
                "column": -1
              }
            },
            {
              "start": {
                "line": 13,
                "column": 0
              },
              "end": {
                "line": 24,
                "column": -1
              }
            },
            {
              "start": {
                "line": 13,
                "column": 0
              },
              "end": {
                "line": 24,
                "column": -1
              }
            }
          ]
        },
        "2": {
          "loc": {
            "start": {
              "line": 15,
              "column": 29
            },
            "end": {
              "line": 15,
              "column": 19
            }
          },
          "type": "cond-expr",
          "locations": [
            {
              "start": {
                "line": 15,
                "column": 29
              },
              "end": {
                "line": 15,
                "column": 19
              }
            },
            {
              "start": {
                "line": 15,
                "column": 35
              },
              "end": {
                "line": 13,
                "column": 0
              }
            }
          ]
        }
      },
      "s": {
        "0": 0,
        "1": 0,
        "2": 0,
        "3": 0,
        "4": 0,
        "5": 0,
        "6": 0,
        "7": 0,
        "8": 0,
        "9": 0,
        "10": 0,
        "11": 0,
        "12": 0,
        "13": 0,
        "14": 0,
        "15": 0
      },
      "f": {
        "0": 0,
        "1": 0,
        "2": 0,
        "3": 0,
        "4": 0,
        "5": 0
      },
      "b": {
        "0": [
          0,
          0,
          0
        ],
        "1": [
          0,
          0,
          0,
          0
        ],
        "2": [
          0,
          0
        ]
      }
    },
    "/Users/jcnt514/Desktop/New/app_mobile_carrier360_new/src/screens/StyleGuide/StyleComponents/Colors.js": {
      "path": "/Users/jcnt514/Desktop/New/app_mobile_carrier360_new/src/screens/StyleGuide/StyleComponents/Colors.js",
      "statementMap": {
        "0": {
          "start": {
            "line": 1,
            "column": 0
          },
          "end": {
            "line": null,
            "column": -1
          }
        },
        "1": {
          "start": {
            "line": 2,
            "column": 0
          },
          "end": {
            "line": null,
            "column": -1
          }
        },
        "2": {
          "start": {
            "line": 3,
            "column": 0
          },
          "end": {
            "line": null,
            "column": -1
          }
        },
        "3": {
          "start": {
            "line": 4,
            "column": 0
          },
          "end": {
            "line": null,
            "column": -1
          }
        },
        "4": {
          "start": {
            "line": 6,
            "column": 15
          },
          "end": {
            "line": 6,
            "column": 0
          }
        },
        "5": {
          "start": {
            "line": 93,
            "column": 15
          },
          "end": {
            "line": 93,
            "column": 0
          }
        },
        "6": {
          "start": {
            "line": 113,
            "column": 15
          },
          "end": {
            "line": 113,
            "column": 0
          }
        },
        "7": {
          "start": {
            "line": 114,
            "column": 24
          },
          "end": {
            "line": 114,
            "column": 2
          }
        },
        "8": {
          "start": {
            "line": 114,
            "column": 39
          },
          "end": {
            "line": 114,
            "column": 23
          }
        },
        "9": {
          "start": {
            "line": 115,
            "column": 26
          },
          "end": {
            "line": 115,
            "column": 2
          }
        },
        "10": {
          "start": {
            "line": 115,
            "column": 41
          },
          "end": {
            "line": 115,
            "column": 25
          }
        },
        "11": {
          "start": {
            "line": 116,
            "column": 21
          },
          "end": {
            "line": 116,
            "column": 2
          }
        },
        "12": {
          "start": {
            "line": 116,
            "column": 36
          },
          "end": {
            "line": 116,
            "column": 20
          }
        },
        "13": {
          "start": {
            "line": 117,
            "column": 2
          },
          "end": {
            "line": 133,
            "column": 1
          }
        },
        "14": {
          "start": {
            "line": 136,
            "column": 2
          },
          "end": {
            "line": 147,
            "column": 1
          }
        },
        "15": {
          "start": {
            "line": 137,
            "column": 39
          },
          "end": {
            "line": 136,
            "column": 46
          }
        },
        "16": {
          "start": {
            "line": 138,
            "column": 4
          },
          "end": {
            "line": 146,
            "column": 3
          }
        }
      },
      "fnMap": {
        "0": {
          "name": "Colors",
          "decl": {
            "start": {
              "line": 113,
              "column": 6
            },
            "end": {
              "line": 113,
              "column": 15
            }
          },
          "loc": {
            "start": {
              "line": 113,
              "column": 21
            },
            "end": {
              "line": 113,
              "column": 0
            }
          }
        },
        "1": {
          "name": "(anonymous_3)",
          "decl": {
            "start": {
              "line": 114,
              "column": 39
            },
            "end": {
              "line": 114,
              "column": 47
            }
          },
          "loc": {
            "start": {
              "line": 114,
              "column": 39
            },
            "end": {
              "line": 114,
              "column": 24
            }
          }
        },
        "2": {
          "name": "(anonymous_4)",
          "decl": {
            "start": {
              "line": 115,
              "column": 41
            },
            "end": {
              "line": 115,
              "column": 49
            }
          },
          "loc": {
            "start": {
              "line": 115,
              "column": 41
            },
            "end": {
              "line": 115,
              "column": 26
            }
          }
        },
        "3": {
          "name": "(anonymous_5)",
          "decl": {
            "start": {
              "line": 116,
              "column": 36
            },
            "end": {
              "line": 116,
              "column": 44
            }
          },
          "loc": {
            "start": {
              "line": 116,
              "column": 36
            },
            "end": {
              "line": 116,
              "column": 21
            }
          }
        },
        "4": {
          "name": "(anonymous_7)",
          "decl": {
            "start": {
              "line": 136,
              "column": 24
            },
            "end": {
              "line": 136,
              "column": 24
            }
          },
          "loc": {
            "start": {
              "line": 136,
              "column": 46
            },
            "end": {
              "line": 136,
              "column": 9
            }
          }
        }
      },
      "branchMap": {},
      "s": {
        "0": 0,
        "1": 0,
        "2": 0,
        "3": 0,
        "4": 0,
        "5": 0,
        "6": 0,
        "7": 0,
        "8": 0,
        "9": 0,
        "10": 0,
        "11": 0,
        "12": 0,
        "13": 0,
        "14": 0,
        "15": 0,
        "16": 0
      },
      "f": {
        "0": 0,
        "1": 0,
        "2": 0,
        "3": 0,
        "4": 0
      },
      "b": {}
    },
    "/Users/jcnt514/Desktop/New/app_mobile_carrier360_new/src/screens/StyleGuide/StyleComponents/config.js": {
      "path": "/Users/jcnt514/Desktop/New/app_mobile_carrier360_new/src/screens/StyleGuide/StyleComponents/config.js",
      "statementMap": {
        "0": {
          "start": {
            "line": 2,
            "column": 0
          },
          "end": {
            "line": null,
            "column": -1
          }
        },
        "1": {
          "start": {
            "line": 3,
            "column": 0
          },
          "end": {
            "line": null,
            "column": -1
          }
        },
        "2": {
          "start": {
            "line": 4,
            "column": 0
          },
          "end": {
            "line": null,
            "column": -1
          }
        },
        "3": {
          "start": {
            "line": 5,
            "column": 0
          },
          "end": {
            "line": null,
            "column": -1
          }
        },
        "4": {
          "start": {
            "line": 6,
            "column": 0
          },
          "end": {
            "line": null,
            "column": -1
          }
        }
      },
      "fnMap": {},
      "branchMap": {},
      "s": {
        "0": 0,
        "1": 0,
        "2": 0,
        "3": 0,
        "4": 0
      },
      "f": {},
      "b": {}
    },
    "/Users/jcnt514/Desktop/New/app_mobile_carrier360_new/src/screens/StyleGuide/StyleComponents/Notifications.js": {
      "path": "/Users/jcnt514/Desktop/New/app_mobile_carrier360_new/src/screens/StyleGuide/StyleComponents/Notifications.js",
      "statementMap": {
        "0": {
          "start": {
            "line": 1,
            "column": 0
          },
          "end": {
            "line": null,
            "column": -1
          }
        },
        "1": {
          "start": {
            "line": 2,
            "column": 0
          },
          "end": {
            "line": 3,
            "column": -1
          }
        },
        "2": {
          "start": {
            "line": 3,
            "column": 0
          },
          "end": {
            "line": 4,
            "column": -1
          }
        },
        "3": {
          "start": {
            "line": 4,
            "column": 0
          },
          "end": {
            "line": null,
            "column": -1
          }
        },
        "4": {
          "start": {
            "line": 12,
            "column": 17
          },
          "end": {
            "line": 12,
            "column": 0
          }
        },
        "5": {
          "start": {
            "line": 20,
            "column": 22
          },
          "end": {
            "line": 19,
            "column": 11
          }
        },
        "6": {
          "start": {
            "line": 21,
            "column": 4
          },
          "end": {
            "line": 79,
            "column": 3
          }
        },
        "7": {
          "start": {
            "line": 25,
            "column": 20
          },
          "end": {
            "line": 23,
            "column": 7
          }
        },
        "8": {
          "start": {
            "line": 34,
            "column": 20
          },
          "end": {
            "line": 32,
            "column": 7
          }
        },
        "9": {
          "start": {
            "line": 43,
            "column": 20
          },
          "end": {
            "line": 41,
            "column": 7
          }
        },
        "10": {
          "start": {
            "line": 52,
            "column": 20
          },
          "end": {
            "line": 50,
            "column": 7
          }
        },
        "11": {
          "start": {
            "line": 62,
            "column": 20
          },
          "end": {
            "line": 60,
            "column": 7
          }
        },
        "12": {
          "start": {
            "line": 73,
            "column": 20
          },
          "end": {
            "line": 70,
            "column": 7
          }
        }
      },
      "fnMap": {
        "0": {
          "name": "onPress",
          "decl": {
            "start": {
              "line": 25,
              "column": 20
            },
            "end": {
              "line": 25,
              "column": 25
            }
          },
          "loc": {
            "start": {
              "line": 25,
              "column": 20
            },
            "end": {
              "line": 23,
              "column": 8
            }
          }
        },
        "1": {
          "name": "onPress",
          "decl": {
            "start": {
              "line": 34,
              "column": 20
            },
            "end": {
              "line": 34,
              "column": 25
            }
          },
          "loc": {
            "start": {
              "line": 34,
              "column": 20
            },
            "end": {
              "line": 32,
              "column": 8
            }
          }
        },
        "2": {
          "name": "onPress",
          "decl": {
            "start": {
              "line": 43,
              "column": 20
            },
            "end": {
              "line": 43,
              "column": 25
            }
          },
          "loc": {
            "start": {
              "line": 43,
              "column": 20
            },
            "end": {
              "line": 41,
              "column": 8
            }
          }
        },
        "3": {
          "name": "onPress",
          "decl": {
            "start": {
              "line": 52,
              "column": 20
            },
            "end": {
              "line": 52,
              "column": 25
            }
          },
          "loc": {
            "start": {
              "line": 52,
              "column": 20
            },
            "end": {
              "line": 50,
              "column": 8
            }
          }
        },
        "4": {
          "name": "onPress",
          "decl": {
            "start": {
              "line": 62,
              "column": 20
            },
            "end": {
              "line": 62,
              "column": 25
            }
          },
          "loc": {
            "start": {
              "line": 62,
              "column": 20
            },
            "end": {
              "line": 60,
              "column": 8
            }
          }
        },
        "5": {
          "name": "onPress",
          "decl": {
            "start": {
              "line": 73,
              "column": 20
            },
            "end": {
              "line": 73,
              "column": 25
            }
          },
          "loc": {
            "start": {
              "line": 73,
              "column": 20
            },
            "end": {
              "line": 70,
              "column": 8
            }
          }
        }
      },
      "branchMap": {},
      "s": {
        "0": 0,
        "1": 0,
        "2": 0,
        "3": 0,
        "4": 0,
        "5": 0,
        "6": 0,
        "7": 0,
        "8": 0,
        "9": 0,
        "10": 0,
        "11": 0,
        "12": 0
      },
      "f": {
        "0": 0,
        "1": 0,
        "2": 0,
        "3": 0,
        "4": 0,
        "5": 0
      },
      "b": {}
    },
    "/Users/jcnt514/Desktop/New/app_mobile_carrier360_new/src/screens/StyleGuide/StyleComponents/Typography.js": {
      "path": "/Users/jcnt514/Desktop/New/app_mobile_carrier360_new/src/screens/StyleGuide/StyleComponents/Typography.js",
      "statementMap": {
        "0": {
          "start": {
            "line": 1,
            "column": 0
          },
          "end": {
            "line": null,
            "column": -1
          }
        },
        "1": {
          "start": {
            "line": 2,
            "column": 0
          },
          "end": {
            "line": null,
            "column": -1
          }
        },
        "2": {
          "start": {
            "line": 4,
            "column": 19
          },
          "end": {
            "line": 4,
            "column": 0
          }
        },
        "3": {
          "start": {
            "line": 97,
            "column": 15
          },
          "end": {
            "line": 97,
            "column": 0
          }
        },
        "4": {
          "start": {
            "line": 115,
            "column": 19
          },
          "end": {
            "line": 115,
            "column": 0
          }
        },
        "5": {
          "start": {
            "line": 115,
            "column": 19
          },
          "end": {
            "line": 115,
            "column": -1
          }
        },
        "6": {
          "start": {
            "line": 117,
            "column": 19
          },
          "end": {
            "line": 116,
            "column": 1
          }
        },
        "7": {
          "start": {
            "line": 123,
            "column": 36
          },
          "end": {
            "line": 123,
            "column": 35
          }
        },
        "8": {
          "start": {
            "line": 124,
            "column": 2
          },
          "end": {
            "line": 154,
            "column": 1
          }
        }
      },
      "fnMap": {
        "0": {
          "name": "Typography",
          "decl": {
            "start": {
              "line": 115,
              "column": 6
            },
            "end": {
              "line": 115,
              "column": 19
            }
          },
          "loc": {
            "start": {
              "line": 115,
              "column": 19
            },
            "end": {
              "line": 115,
              "column": 0
            }
          }
        },
        "1": {
          "name": "keyExtractor",
          "decl": {
            "start": {
              "line": 117,
              "column": 19
            },
            "end": {
              "line": 117,
              "column": 26
            }
          },
          "loc": {
            "start": {
              "line": 117,
              "column": 19
            },
            "end": {
              "line": 116,
              "column": 2
            }
          }
        }
      },
      "branchMap": {
        "0": {
          "loc": {
            "start": {
              "line": 125,
              "column": 48
            },
            "end": {
              "line": 125,
              "column": 32
            }
          },
          "type": "cond-expr",
          "locations": [
            {
              "start": {
                "line": 125,
                "column": 48
              },
              "end": {
                "line": 125,
                "column": 32
              }
            },
            {
              "start": {
                "line": 125,
                "column": 53
              },
              "end": {
                "line": 125,
                "column": 18
              }
            }
          ]
        }
      },
      "s": {
        "0": 0,
        "1": 0,
        "2": 0,
        "3": 0,
        "4": 0,
        "5": 0,
        "6": 0,
        "7": 0,
        "8": 0
      },
      "f": {
        "0": 0,
        "1": 0
      },
      "b": {
        "0": [
          0,
          0
        ]
      }
    },
    "/Users/jcnt514/Desktop/New/app_mobile_carrier360_new/src/screens/StyleGuide/StyleComponents/InputField.js": {
      "path": "/Users/jcnt514/Desktop/New/app_mobile_carrier360_new/src/screens/StyleGuide/StyleComponents/InputField.js",
      "statementMap": {
        "0": {
          "start": {
            "line": 1,
            "column": 0
          },
          "end": {
            "line": null,
            "column": -1
          }
        },
        "1": {
          "start": {
            "line": 2,
            "column": 0
          },
          "end": {
            "line": 3,
            "column": -1
          }
        },
        "2": {
          "start": {
            "line": 3,
            "column": 0
          },
          "end": {
            "line": 4,
            "column": -1
          }
        },
        "3": {
          "start": {
            "line": 4,
            "column": 0
          },
          "end": {
            "line": null,
            "column": -1
          }
        },
        "4": {
          "start": {
            "line": 5,
            "column": 0
          },
          "end": {
            "line": null,
            "column": -1
          }
        },
        "5": {
          "start": {
            "line": 7,
            "column": 15
          },
          "end": {
            "line": 7,
            "column": 0
          }
        },
        "6": {
          "start": {
            "line": 31,
            "column": 16
          },
          "end": {
            "line": 34,
            "column": 3
          }
        },
        "7": {
          "start": {
            "line": 34,
            "column": 4
          },
          "end": {
            "line": 31,
            "column": 16
          }
        },
        "8": {
          "start": {
            "line": 31,
            "column": 16
          },
          "end": {
            "line": 38,
            "column": 3
          }
        },
        "9": {
          "start": {
            "line": 40,
            "column": 11
          },
          "end": {
            "line": 41,
            "column": 3
          }
        },
        "10": {
          "start": {
            "line": 41,
            "column": 4
          },
          "end": {
            "line": 154,
            "column": 3
          }
        },
        "11": {
          "start": {
            "line": 134,
            "column": 28
          },
          "end": {
            "line": 134,
            "column": 14
          }
        },
        "12": {
          "start": {
            "line": 135,
            "column": 14
          },
          "end": {
            "line": 136,
            "column": 13
          }
        },
        "13": {
          "start": {
            "line": 135,
            "column": 28
          },
          "end": {
            "line": 135,
            "column": 13
          }
        },
        "14": {
          "start": {
            "line": 147,
            "column": 28
          },
          "end": {
            "line": 147,
            "column": 14
          }
        },
        "15": {
          "start": {
            "line": 148,
            "column": 14
          },
          "end": {
            "line": 149,
            "column": 13
          }
        },
        "16": {
          "start": {
            "line": 148,
            "column": 28
          },
          "end": {
            "line": 148,
            "column": 13
          }
        }
      },
      "fnMap": {
        "0": {
          "name": "onChangeText",
          "decl": {
            "start": {
              "line": 133,
              "column": 27
            },
            "end": {
              "line": 133,
              "column": 27
            }
          },
          "loc": {
            "start": {
              "line": 133,
              "column": 37
            },
            "end": {
              "line": 129,
              "column": 10
            }
          }
        },
        "1": {
          "name": "(anonymous_11)",
          "decl": {
            "start": {
              "line": 135,
              "column": 28
            },
            "end": {
              "line": 135,
              "column": 34
            }
          },
          "loc": {
            "start": {
              "line": 135,
              "column": 28
            },
            "end": {
              "line": 135,
              "column": 14
            }
          }
        },
        "2": {
          "name": "onChangeText",
          "decl": {
            "start": {
              "line": 146,
              "column": 27
            },
            "end": {
              "line": 146,
              "column": 27
            }
          },
          "loc": {
            "start": {
              "line": 146,
              "column": 37
            },
            "end": {
              "line": 141,
              "column": 10
            }
          }
        },
        "3": {
          "name": "(anonymous_13)",
          "decl": {
            "start": {
              "line": 148,
              "column": 28
            },
            "end": {
              "line": 148,
              "column": 34
            }
          },
          "loc": {
            "start": {
              "line": 148,
              "column": 28
            },
            "end": {
              "line": 148,
              "column": 14
            }
          }
        }
      },
      "branchMap": {
        "0": {
          "loc": {
            "start": {
              "line": 31,
              "column": 16
            },
            "end": {
              "line": 34,
              "column": 3
            }
          },
          "type": "binary-expr",
          "locations": [
            {
              "start": {
                "line": 31,
                "column": 16
              },
              "end": {
                "line": 34,
                "column": 3
              }
            },
            {
              "start": {
                "line": 31,
                "column": 16
              },
              "end": {
                "line": 34,
                "column": 3
              }
            }
          ]
        }
      },
      "s": {
        "0": 0,
        "1": 0,
        "2": 0,
        "3": 0,
        "4": 0,
        "5": 0,
        "6": 0,
        "7": 0,
        "8": 0,
        "9": 0,
        "10": 0,
        "11": 0,
        "12": 0,
        "13": 0,
        "14": 0,
        "15": 0,
        "16": 0
      },
      "f": {
        "0": 0,
        "1": 0,
        "2": 0,
        "3": 0
      },
      "b": {
        "0": [
          0,
          0
        ]
      }
    },
    "/Users/jcnt514/Desktop/New/app_mobile_carrier360_new/src/screens/StyleGuide/StyleComponents/NBComponents.js": {
      "path": "/Users/jcnt514/Desktop/New/app_mobile_carrier360_new/src/screens/StyleGuide/StyleComponents/NBComponents.js",
      "statementMap": {
        "0": {
          "start": {
            "line": 1,
            "column": 0
          },
          "end": {
            "line": null,
            "column": -1
          }
        },
        "1": {
          "start": {
            "line": 2,
            "column": 0
          },
          "end": {
            "line": 3,
            "column": -1
          }
        },
        "2": {
          "start": {
            "line": 3,
            "column": 0
          },
          "end": {
            "line": null,
            "column": -1
          }
        },
        "3": {
          "start": {
            "line": 5,
            "column": 15
          },
          "end": {
            "line": 5,
            "column": 0
          }
        },
        "4": {
          "start": {
            "line": 34,
            "column": 4
          },
          "end": {
            "line": 120,
            "column": 3
          }
        }
      },
      "fnMap": {},
      "branchMap": {},
      "s": {
        "0": 0,
        "1": 0,
        "2": 0,
        "3": 0,
        "4": 0
      },
      "f": {},
      "b": {}
    },
    "/Users/jcnt514/Desktop/New/app_mobile_carrier360_new/src/screens/MyLoads/Completed/Completed.js": {
      "path": "/Users/jcnt514/Desktop/New/app_mobile_carrier360_new/src/screens/MyLoads/Completed/Completed.js",
      "statementMap": {
        "0": {
          "start": {
            "line": 1,
            "column": 0
          },
          "end": {
            "line": null,
            "column": -1
          }
        },
        "1": {
          "start": {
            "line": 2,
            "column": 0
          },
          "end": {
            "line": 3,
            "column": -1
          }
        },
        "2": {
          "start": {
            "line": 3,
            "column": 0
          },
          "end": {
            "line": null,
            "column": -1
          }
        },
        "3": {
          "start": {
            "line": 7,
            "column": 4
          },
          "end": {
            "line": 12,
            "column": 3
          }
        }
      },
      "fnMap": {},
      "branchMap": {},
      "s": {
        "0": 0,
        "1": 0,
        "2": 0,
        "3": 0
      },
      "f": {},
      "b": {}
    },
    "/Users/jcnt514/Desktop/New/app_mobile_carrier360_new/src/screens/MyLoads/LoadDetails/LoadDetails.js": {
      "path": "/Users/jcnt514/Desktop/New/app_mobile_carrier360_new/src/screens/MyLoads/LoadDetails/LoadDetails.js",
      "statementMap": {
        "0": {
          "start": {
            "line": 1,
            "column": 0
          },
          "end": {
            "line": null,
            "column": -1
          }
        },
        "1": {
          "start": {
            "line": 2,
            "column": 0
          },
          "end": {
            "line": null,
            "column": -1
          }
        },
        "2": {
          "start": {
            "line": 6,
            "column": 23
          },
          "end": {
            "line": 5,
            "column": 11
          }
        },
        "3": {
          "start": {
            "line": 7,
            "column": 4
          },
          "end": {
            "line": 13,
            "column": 3
          }
        }
      },
      "fnMap": {},
      "branchMap": {
        "0": {
          "loc": {
            "start": {
              "line": 10,
              "column": 50
            },
            "end": {
              "line": 10,
              "column": 59
            }
          },
          "type": "binary-expr",
          "locations": [
            {
              "start": {
                "line": 10,
                "column": 50
              },
              "end": {
                "line": 10,
                "column": 59
              }
            },
            {
              "start": {
                "line": 10,
                "column": 60
              },
              "end": {
                "line": 10,
                "column": 8
              }
            }
          ]
        }
      },
      "s": {
        "0": 0,
        "1": 0,
        "2": 0,
        "3": 0
      },
      "f": {},
      "b": {
        "0": [
          0,
          0
        ]
      }
    },
    "/Users/jcnt514/Desktop/New/app_mobile_carrier360_new/src/screens/MyLoads/AcceptanceNeeded/AcceptanceNeeded.js": {
      "path": "/Users/jcnt514/Desktop/New/app_mobile_carrier360_new/src/screens/MyLoads/AcceptanceNeeded/AcceptanceNeeded.js",
      "statementMap": {
        "0": {
          "start": {
            "line": 1,
            "column": 0
          },
          "end": {
            "line": null,
            "column": -1
          }
        },
        "1": {
          "start": {
            "line": 2,
            "column": 0
          },
          "end": {
            "line": 3,
            "column": -1
          }
        },
        "2": {
          "start": {
            "line": 3,
            "column": 0
          },
          "end": {
            "line": null,
            "column": -1
          }
        },
        "3": {
          "start": {
            "line": 7,
            "column": 4
          },
          "end": {
            "line": 12,
            "column": 3
          }
        }
      },
      "fnMap": {},
      "branchMap": {},
      "s": {
        "0": 0,
        "1": 0,
        "2": 0,
        "3": 0
      },
      "f": {},
      "b": {}
    },
    "/Users/jcnt514/Desktop/New/app_mobile_carrier360_new/src/screens/MyLoads/DriverAssignment/DriverAssignment.js": {
      "path": "/Users/jcnt514/Desktop/New/app_mobile_carrier360_new/src/screens/MyLoads/DriverAssignment/DriverAssignment.js",
      "statementMap": {
        "0": {
          "start": {
            "line": 1,
            "column": 0
          },
          "end": {
            "line": null,
            "column": -1
          }
        },
        "1": {
          "start": {
            "line": 2,
            "column": 0
          },
          "end": {
            "line": 3,
            "column": -1
          }
        },
        "2": {
          "start": {
            "line": 3,
            "column": 0
          },
          "end": {
            "line": null,
            "column": -1
          }
        },
        "3": {
          "start": {
            "line": 7,
            "column": 4
          },
          "end": {
            "line": 12,
            "column": 3
          }
        }
      },
      "fnMap": {},
      "branchMap": {},
      "s": {
        "0": 0,
        "1": 0,
        "2": 0,
        "3": 0
      },
      "f": {},
      "b": {}
    },
    "/Users/jcnt514/Desktop/New/app_mobile_carrier360_new/src/screens/MyLoads/InTransit/InTransit.js": {
      "path": "/Users/jcnt514/Desktop/New/app_mobile_carrier360_new/src/screens/MyLoads/InTransit/InTransit.js",
      "statementMap": {
        "0": {
          "start": {
            "line": 1,
            "column": 0
          },
          "end": {
            "line": null,
            "column": -1
          }
        },
        "1": {
          "start": {
            "line": 2,
            "column": 0
          },
          "end": {
            "line": 3,
            "column": -1
          }
        },
        "2": {
          "start": {
            "line": 3,
            "column": 0
          },
          "end": {
            "line": 4,
            "column": -1
          }
        },
        "3": {
          "start": {
            "line": 4,
            "column": 0
          },
          "end": {
            "line": null,
            "column": -1
          }
        },
        "4": {
          "start": {
            "line": 7,
            "column": 11
          },
          "end": {
            "line": 8,
            "column": 11
          }
        },
        "5": {
          "start": {
            "line": 8,
            "column": 23
          },
          "end": {
            "line": 7,
            "column": 11
          }
        },
        "6": {
          "start": {
            "line": 9,
            "column": 16
          },
          "end": {
            "line": 9,
            "column": 4
          }
        },
        "7": {
          "start": {
            "line": 10,
            "column": 4
          },
          "end": {
            "line": 24,
            "column": 3
          }
        },
        "8": {
          "start": {
            "line": 18,
            "column": 20
          },
          "end": {
            "line": 13,
            "column": 7
          }
        }
      },
      "fnMap": {
        "0": {
          "name": "onPress",
          "decl": {
            "start": {
              "line": 18,
              "column": 20
            },
            "end": {
              "line": 18,
              "column": 25
            }
          },
          "loc": {
            "start": {
              "line": 18,
              "column": 20
            },
            "end": {
              "line": 13,
              "column": 8
            }
          }
        }
      },
      "branchMap": {
        "0": {
          "loc": {
            "start": {
              "line": 9,
              "column": 39
            },
            "end": {
              "line": 9,
              "column": 16
            }
          },
          "type": "cond-expr",
          "locations": [
            {
              "start": {
                "line": 9,
                "column": 39
              },
              "end": {
                "line": 9,
                "column": 16
              }
            },
            {
              "start": {
                "line": 9,
                "column": 52
              },
              "end": {
                "line": 9,
                "column": 4
              }
            }
          ]
        }
      },
      "s": {
        "0": 0,
        "1": 0,
        "2": 0,
        "3": 0,
        "4": 0,
        "5": 0,
        "6": 0,
        "7": 0,
        "8": 0
      },
      "f": {
        "0": 0
      },
      "b": {
        "0": [
          0,
          0
        ]
      }
    },
    "/Users/jcnt514/Desktop/New/app_mobile_carrier360_new/src/screens/Offers/OfferDetails/OfferDetails.js": {
      "path": "/Users/jcnt514/Desktop/New/app_mobile_carrier360_new/src/screens/Offers/OfferDetails/OfferDetails.js",
      "statementMap": {
        "0": {
          "start": {
            "line": 1,
            "column": 0
          },
          "end": {
            "line": null,
            "column": -1
          }
        },
        "1": {
          "start": {
            "line": 2,
            "column": 0
          },
          "end": {
            "line": null,
            "column": -1
          }
        },
        "2": {
          "start": {
            "line": 6,
            "column": 23
          },
          "end": {
            "line": 5,
            "column": 11
          }
        },
        "3": {
          "start": {
            "line": 7,
            "column": 4
          },
          "end": {
            "line": 13,
            "column": 3
          }
        }
      },
      "fnMap": {},
      "branchMap": {
        "0": {
          "loc": {
            "start": {
              "line": 10,
              "column": 50
            },
            "end": {
              "line": 10,
              "column": 59
            }
          },
          "type": "binary-expr",
          "locations": [
            {
              "start": {
                "line": 10,
                "column": 50
              },
              "end": {
                "line": 10,
                "column": 59
              }
            },
            {
              "start": {
                "line": 10,
                "column": 60
              },
              "end": {
                "line": 10,
                "column": 8
              }
            }
          ]
        }
      },
      "s": {
        "0": 0,
        "1": 0,
        "2": 0,
        "3": 0
      },
      "f": {},
      "b": {
        "0": [
          0,
          0
        ]
      }
    },
    "/Users/jcnt514/Desktop/New/app_mobile_carrier360_new/src/screens/Offers/ActiveOffers/ActiveOffers.js": {
      "path": "/Users/jcnt514/Desktop/New/app_mobile_carrier360_new/src/screens/Offers/ActiveOffers/ActiveOffers.js",
      "statementMap": {
        "0": {
          "start": {
            "line": 1,
            "column": 0
          },
          "end": {
            "line": null,
            "column": -1
          }
        },
        "1": {
          "start": {
            "line": 2,
            "column": 0
          },
          "end": {
            "line": 3,
            "column": -1
          }
        },
        "2": {
          "start": {
            "line": 3,
            "column": 0
          },
          "end": {
            "line": 4,
            "column": -1
          }
        },
        "3": {
          "start": {
            "line": 4,
            "column": 0
          },
          "end": {
            "line": null,
            "column": -1
          }
        },
        "4": {
          "start": {
            "line": 7,
            "column": 11
          },
          "end": {
            "line": 8,
            "column": 3
          }
        },
        "5": {
          "start": {
            "line": 8,
            "column": 4
          },
          "end": {
            "line": 22,
            "column": 3
          }
        },
        "6": {
          "start": {
            "line": 16,
            "column": 20
          },
          "end": {
            "line": 11,
            "column": 7
          }
        }
      },
      "fnMap": {
        "0": {
          "name": "onPress",
          "decl": {
            "start": {
              "line": 16,
              "column": 20
            },
            "end": {
              "line": 16,
              "column": 25
            }
          },
          "loc": {
            "start": {
              "line": 16,
              "column": 20
            },
            "end": {
              "line": 11,
              "column": 8
            }
          }
        }
      },
      "branchMap": {},
      "s": {
        "0": 0,
        "1": 0,
        "2": 0,
        "3": 0,
        "4": 0,
        "5": 0,
        "6": 0
      },
      "f": {
        "0": 0
      },
      "b": {}
    },
    "/Users/jcnt514/Desktop/New/app_mobile_carrier360_new/src/services/request/index.js": {
      "path": "/Users/jcnt514/Desktop/New/app_mobile_carrier360_new/src/services/request/index.js",
      "statementMap": {
        "0": {
          "start": {
            "line": 1,
            "column": 0
          },
          "end": {
            "line": 4,
            "column": -1
          }
        },
        "1": {
          "start": {
            "line": 4,
            "column": 0
          },
          "end": {
            "line": null,
            "column": -1
          }
        }
      },
      "fnMap": {
        "0": {
          "name": "(anonymous_0)",
          "decl": {
            "start": {
              "line": 4,
              "column": 0
            },
            "end": {
              "line": null,
              "column": -1
            }
          },
          "loc": {
            "start": {
              "line": 4,
              "column": 0
            },
            "end": {
              "line": null,
              "column": -1
            }
          }
        }
      },
      "branchMap": {
        "0": {
          "loc": {
            "start": {
              "line": 4,
              "column": 0
            },
            "end": {
              "line": null,
              "column": -1
            }
          },
          "type": "if",
          "locations": [
            {
              "start": {
                "line": 4,
                "column": 0
              },
              "end": {
                "line": null,
                "column": -1
              }
            },
            {
              "start": {
                "line": 4,
                "column": 0
              },
              "end": {
                "line": null,
                "column": -1
              }
            }
          ]
        }
      },
      "s": {
        "0": 0,
        "1": 0
      },
      "f": {
        "0": 0
      },
      "b": {
        "0": [
          0,
          0
        ]
      }
    },
    "/Users/jcnt514/Desktop/New/app_mobile_carrier360_new/src/screens/Offers/InactiveOffers/InactiveOffers.js": {
      "path": "/Users/jcnt514/Desktop/New/app_mobile_carrier360_new/src/screens/Offers/InactiveOffers/InactiveOffers.js",
      "statementMap": {
        "0": {
          "start": {
            "line": 1,
            "column": 0
          },
          "end": {
            "line": null,
            "column": -1
          }
        },
        "1": {
          "start": {
            "line": 2,
            "column": 0
          },
          "end": {
            "line": null,
            "column": -1
          }
        },
        "2": {
          "start": {
            "line": 6,
            "column": 4
          },
          "end": {
            "line": 11,
            "column": 3
          }
        }
      },
      "fnMap": {},
      "branchMap": {},
      "s": {
        "0": 0,
        "1": 0,
        "2": 0
      },
      "f": {},
      "b": {}
    },
    "/Users/jcnt514/Desktop/New/app_mobile_carrier360_new/src/services/notifications/actionCategories.js": {
      "path": "/Users/jcnt514/Desktop/New/app_mobile_carrier360_new/src/services/notifications/actionCategories.js",
      "statementMap": {
        "0": {
          "start": {
            "line": 1,
            "column": 0
          },
          "end": {
            "line": null,
            "column": -1
          }
        },
        "1": {
          "start": {
            "line": 7,
            "column": 13
          },
          "end": {
            "line": 7,
            "column": 7
          }
        },
        "2": {
          "start": {
            "line": 12,
            "column": 13
          },
          "end": {
            "line": 12,
            "column": 7
          }
        }
      },
      "fnMap": {},
      "branchMap": {},
      "s": {
        "0": 0,
        "1": 0,
        "2": 0
      },
      "f": {},
      "b": {}
    },
    "/Users/jcnt514/Desktop/New/app_mobile_carrier360_new/src/services/request/request.service.js": {
      "path": "/Users/jcnt514/Desktop/New/app_mobile_carrier360_new/src/services/request/request.service.js",
      "statementMap": {
        "0": {
          "start": {
            "line": 1,
            "column": 0
          },
          "end": {
            "line": null,
            "column": -1
          }
        },
        "1": {
          "start": {
            "line": 2,
            "column": 0
          },
          "end": {
            "line": null,
            "column": -1
          }
        },
        "2": {
          "start": {
            "line": 3,
            "column": 0
          },
          "end": {
            "line": 4,
            "column": -1
          }
        },
        "3": {
          "start": {
            "line": 4,
            "column": 0
          },
          "end": {
            "line": null,
            "column": -1
          }
        },
        "4": {
          "start": {
            "line": 7,
            "column": 2
          },
          "end": {
            "line": 11,
            "column": 2
          }
        },
        "5": {
          "start": {
            "line": 8,
            "column": 4
          },
          "end": {
            "line": 9,
            "column": 3
          }
        },
        "6": {
          "start": {
            "line": 11,
            "column": 18
          },
          "end": {
            "line": 11,
            "column": 2
          }
        },
        "7": {
          "start": {
            "line": 12,
            "column": 27
          },
          "end": {
            "line": 12,
            "column": 2
          }
        },
        "8": {
          "start": {
            "line": 14,
            "column": 2
          },
          "end": {
            "line": 17,
            "column": 1
          }
        },
        "9": {
          "start": {
            "line": 15,
            "column": 10
          },
          "end": {
            "line": 14,
            "column": 8
          }
        },
        "10": {
          "start": {
            "line": 16,
            "column": 11
          },
          "end": {
            "line": 14,
            "column": 8
          }
        },
        "11": {
          "start": {
            "line": 19,
            "column": 36
          },
          "end": {
            "line": 19,
            "column": 35
          }
        },
        "12": {
          "start": {
            "line": 22,
            "column": 2
          },
          "end": {
            "line": 32,
            "column": 1
          }
        },
        "13": {
          "start": {
            "line": 35,
            "column": 24
          },
          "end": {
            "line": 35,
            "column": 2
          }
        },
        "14": {
          "start": {
            "line": 37,
            "column": 2
          },
          "end": {
            "line": 41,
            "column": 2
          }
        },
        "15": {
          "start": {
            "line": 38,
            "column": 4
          },
          "end": {
            "line": 39,
            "column": 3
          }
        },
        "16": {
          "start": {
            "line": 41,
            "column": 2
          },
          "end": {
            "line": 42,
            "column": 1
          }
        },
        "17": {
          "start": {
            "line": 44,
            "column": 48
          },
          "end": {
            "line": 44,
            "column": 47
          }
        },
        "18": {
          "start": {
            "line": 45,
            "column": 2
          },
          "end": {
            "line": 46,
            "column": 1
          }
        }
      },
      "fnMap": {
        "0": {
          "name": "request",
          "decl": {
            "start": {
              "line": 6,
              "column": 24
            },
            "end": {
              "line": 6,
              "column": 15
            }
          },
          "loc": {
            "start": {
              "line": 6,
              "column": 48
            },
            "end": {
              "line": 19,
              "column": 0
            }
          }
        },
        "1": {
          "name": "(anonymous_3)",
          "decl": {
            "start": {
              "line": 15,
              "column": 10
            },
            "end": {
              "line": 15,
              "column": 16
            }
          },
          "loc": {
            "start": {
              "line": 15,
              "column": 10
            },
            "end": {
              "line": 14,
              "column": 9
            }
          }
        },
        "2": {
          "name": "(anonymous_4)",
          "decl": {
            "start": {
              "line": 16,
              "column": 11
            },
            "end": {
              "line": 16,
              "column": 17
            }
          },
          "loc": {
            "start": {
              "line": 16,
              "column": 11
            },
            "end": {
              "line": 14,
              "column": 9
            }
          }
        },
        "3": {
          "name": "setDefaultHeaders",
          "decl": {
            "start": {
              "line": 19,
              "column": 9
            },
            "end": {
              "line": 19,
              "column": 0
            }
          },
          "loc": {
            "start": {
              "line": 19,
              "column": 36
            },
            "end": {
              "line": 34,
              "column": 0
            }
          }
        },
        "4": {
          "name": "combineHeaders",
          "decl": {
            "start": {
              "line": 34,
              "column": 9
            },
            "end": {
              "line": 34,
              "column": 0
            }
          },
          "loc": {
            "start": {
              "line": 34,
              "column": 40
            },
            "end": {
              "line": 44,
              "column": 0
            }
          }
        }
      },
      "branchMap": {
        "0": {
          "loc": {
            "start": {
              "line": 7,
              "column": 2
            },
            "end": {
              "line": 11,
              "column": 2
            }
          },
          "type": "if",
          "locations": [
            {
              "start": {
                "line": 7,
                "column": 2
              },
              "end": {
                "line": 11,
                "column": 2
              }
            },
            {
              "start": {
                "line": 7,
                "column": 2
              },
              "end": {
                "line": 11,
                "column": 2
              }
            }
          ]
        },
        "1": {
          "loc": {
            "start": {
              "line": 7,
              "column": 6
            },
            "end": {
              "line": 7,
              "column": 5
            }
          },
          "type": "binary-expr",
          "locations": [
            {
              "start": {
                "line": 7,
                "column": 6
              },
              "end": {
                "line": 7,
                "column": 5
              }
            },
            {
              "start": {
                "line": 7,
                "column": 32
              },
              "end": {
                "line": 7,
                "column": 2
              }
            }
          ]
        },
        "2": {
          "loc": {
            "start": {
              "line": 35,
              "column": 24
            },
            "end": {
              "line": 35,
              "column": 23
            }
          },
          "type": "binary-expr",
          "locations": [
            {
              "start": {
                "line": 35,
                "column": 24
              },
              "end": {
                "line": 35,
                "column": 23
              }
            },
            {
              "start": {
                "line": 35,
                "column": 50
              },
              "end": {
                "line": 35,
                "column": 2
              }
            }
          ]
        },
        "3": {
          "loc": {
            "start": {
              "line": 37,
              "column": 2
            },
            "end": {
              "line": 41,
              "column": 2
            }
          },
          "type": "if",
          "locations": [
            {
              "start": {
                "line": 37,
                "column": 2
              },
              "end": {
                "line": 41,
                "column": 2
              }
            },
            {
              "start": {
                "line": 37,
                "column": 2
              },
              "end": {
                "line": 41,
                "column": 2
              }
            }
          ]
        }
      },
      "s": {
        "0": 0,
        "1": 0,
        "2": 0,
        "3": 0,
        "4": 0,
        "5": 0,
        "6": 0,
        "7": 0,
        "8": 0,
        "9": 0,
        "10": 0,
        "11": 0,
        "12": 0,
        "13": 0,
        "14": 0,
        "15": 0,
        "16": 0,
        "17": 0,
        "18": 0
      },
      "f": {
        "0": 0,
        "1": 0,
        "2": 0,
        "3": 0,
        "4": 0
      },
      "b": {
        "0": [
          0,
          0
        ],
        "1": [
          0,
          0
        ],
        "2": [
          0,
          0
        ],
        "3": [
          0,
          0
        ]
      }
    },
    "/Users/jcnt514/Desktop/New/app_mobile_carrier360_new/src/services/notifications/index.js": {
      "path": "/Users/jcnt514/Desktop/New/app_mobile_carrier360_new/src/services/notifications/index.js",
      "statementMap": {
        "0": {
          "start": {
            "line": 1,
            "column": 0
          },
          "end": {
            "line": null,
            "column": -1
          }
        }
      },
      "fnMap": {
        "0": {
          "name": "(anonymous_0)",
          "decl": {
            "start": {
              "line": 1,
              "column": 0
            },
            "end": {
              "line": null,
              "column": -1
            }
          },
          "loc": {
            "start": {
              "line": 1,
              "column": 0
            },
            "end": {
              "line": null,
              "column": -1
            }
          }
        }
      },
      "branchMap": {
        "0": {
          "loc": {
            "start": {
              "line": 1,
              "column": 0
            },
            "end": {
              "line": null,
              "column": -1
            }
          },
          "type": "if",
          "locations": [
            {
              "start": {
                "line": 1,
                "column": 0
              },
              "end": {
                "line": null,
                "column": -1
              }
            },
            {
              "start": {
                "line": 1,
                "column": 0
              },
              "end": {
                "line": null,
                "column": -1
              }
            }
          ]
        }
      },
      "s": {
        "0": 0
      },
      "f": {
        "0": 0
      },
      "b": {
        "0": [
          0,
          0
        ]
      }
    },
    "/Users/jcnt514/Desktop/New/app_mobile_carrier360_new/src/services/localization/index.js": {
      "path": "/Users/jcnt514/Desktop/New/app_mobile_carrier360_new/src/services/localization/index.js",
      "statementMap": {
        "0": {
          "start": {
            "line": 1,
            "column": 0
          },
          "end": {
            "line": null,
            "column": -1
          }
        }
      },
      "fnMap": {},
      "branchMap": {},
      "s": {
        "0": 0
      },
      "f": {},
      "b": {}
    },
    "/Users/jcnt514/Desktop/New/app_mobile_carrier360_new/src/services/localization/localization.service.js": {
      "path": "/Users/jcnt514/Desktop/New/app_mobile_carrier360_new/src/services/localization/localization.service.js",
      "statementMap": {
        "0": {
          "start": {
            "line": 1,
            "column": 0
          },
          "end": {
            "line": null,
            "column": -1
          }
        },
        "1": {
          "start": {
            "line": 2,
            "column": 0
          },
          "end": {
            "line": null,
            "column": -1
          }
        },
        "2": {
          "start": {
            "line": 3,
            "column": 0
          },
          "end": {
            "line": null,
            "column": -1
          }
        },
        "3": {
          "start": {
            "line": 5,
            "column": 0
          },
          "end": {
            "line": 7,
            "column": 0
          }
        },
        "4": {
          "start": {
            "line": 7,
            "column": 0
          },
          "end": {
            "line": 12,
            "column": 15
          }
        },
        "5": {
          "start": {
            "line": 12,
            "column": 51
          },
          "end": {
            "line": 12,
            "column": 50
          }
        },
        "6": {
          "start": {
            "line": 13,
            "column": 2
          },
          "end": {
            "line": 14,
            "column": 1
          }
        }
      },
      "fnMap": {
        "0": {
          "name": "strings",
          "decl": {
            "start": {
              "line": 12,
              "column": 24
            },
            "end": {
              "line": 12,
              "column": 15
            }
          },
          "loc": {
            "start": {
              "line": 12,
              "column": 51
            },
            "end": {
              "line": 14,
              "column": 1
            }
          }
        }
      },
      "branchMap": {
        "0": {
          "loc": {
            "start": {
              "line": 12,
              "column": 51
            },
            "end": {
              "line": 12,
              "column": 46
            }
          },
          "type": "cond-expr",
          "locations": [
            {
              "start": {
                "line": 12,
                "column": 51
              },
              "end": {
                "line": 12,
                "column": 46
              }
            },
            {
              "start": {
                "line": 12,
                "column": 47
              },
              "end": {
                "line": 12,
                "column": 51
              }
            }
          ]
        },
        "1": {
          "loc": {
            "start": {
              "line": 12,
              "column": 51
            },
            "end": {
              "line": 12,
              "column": 46
            }
          },
          "type": "binary-expr",
          "locations": [
            {
              "start": {
                "line": 12,
                "column": 51
              },
              "end": {
                "line": 12,
                "column": 46
              }
            },
            {
              "start": {
                "line": 12,
                "column": 51
              },
              "end": {
                "line": 12,
                "column": 46
              }
            }
          ]
        }
      },
      "s": {
        "0": 0,
        "1": 0,
        "2": 0,
        "3": 0,
        "4": 0,
        "5": 0,
        "6": 0
      },
      "f": {
        "0": 0
      },
      "b": {
        "0": [
          0,
          0
        ],
        "1": [
          0,
          0
        ]
      }
    },
    "/Users/jcnt514/Desktop/New/app_mobile_carrier360_new/src/services/notifications/notifications.service.js": {
      "path": "/Users/jcnt514/Desktop/New/app_mobile_carrier360_new/src/services/notifications/notifications.service.js",
      "statementMap": {
        "0": {
          "start": {
            "line": 1,
            "column": 0
          },
          "end": {
            "line": 2,
            "column": -1
          }
        },
        "1": {
          "start": {
            "line": 2,
            "column": 0
          },
          "end": {
            "line": null,
            "column": -1
          }
        },
        "2": {
          "start": {
            "line": 6,
            "column": 0
          },
          "end": {
            "line": 7,
            "column": -1
          }
        },
        "3": {
          "start": {
            "line": 7,
            "column": 0
          },
          "end": {
            "line": null,
            "column": -1
          }
        },
        "4": {
          "start": {
            "line": 10,
            "column": 35
          },
          "end": {
            "line": 10,
            "column": 0
          }
        },
        "5": {
          "start": {
            "line": 17,
            "column": 39
          },
          "end": {
            "line": 17,
            "column": 0
          }
        },
        "6": {
          "start": {
            "line": 24,
            "column": 2
          },
          "end": {
            "line": 25,
            "column": 2
          }
        },
        "7": {
          "start": {
            "line": 25,
            "column": 2
          },
          "end": {
            "line": 27,
            "column": 2
          }
        },
        "8": {
          "start": {
            "line": 27,
            "column": 2
          },
          "end": {
            "line": 34,
            "column": 1
          }
        },
        "9": {
          "start": {
            "line": 29,
            "column": 6
          },
          "end": {
            "line": 30,
            "column": 6
          }
        },
        "10": {
          "start": {
            "line": 30,
            "column": 6
          },
          "end": {
            "line": 31,
            "column": 5
          }
        },
        "11": {
          "start": {
            "line": 33,
            "column": 11
          },
          "end": {
            "line": 27,
            "column": 8
          }
        },
        "12": {
          "start": {
            "line": 36,
            "column": 55
          },
          "end": {
            "line": 36,
            "column": 54
          }
        },
        "13": {
          "start": {
            "line": 37,
            "column": 2
          },
          "end": {
            "line": 39,
            "column": 2
          }
        },
        "14": {
          "start": {
            "line": 39,
            "column": 2
          },
          "end": {
            "line": 43,
            "column": 1
          }
        },
        "15": {
          "start": {
            "line": 45,
            "column": 84
          },
          "end": {
            "line": 45,
            "column": 83
          }
        },
        "16": {
          "start": {
            "line": 46,
            "column": 24
          },
          "end": {
            "line": 46,
            "column": 2
          }
        },
        "17": {
          "start": {
            "line": 48,
            "column": 2
          },
          "end": {
            "line": 52,
            "column": 1
          }
        },
        "18": {
          "start": {
            "line": 54,
            "column": 56
          },
          "end": {
            "line": 54,
            "column": 55
          }
        },
        "19": {
          "start": {
            "line": 55,
            "column": 2
          },
          "end": {
            "line": 57,
            "column": 2
          }
        },
        "20": {
          "start": {
            "line": 57,
            "column": 2
          },
          "end": {
            "line": 62,
            "column": 1
          }
        },
[...]
              "start": {
                "line": 20,
                "column": 26
              },
              "end": {
                "line": 20,
                "column": 14
              }
            },
            {
              "start": {
                "line": 20,
                "column": 48
              },
              "end": {
                "line": 17,
                "column": 4
              }
            }
          ]
        }
      },
      "s": {
        "0": 0,
        "1": 0,
        "2": 0,
        "3": 0,
        "4": 0,
        "5": 0,
        "6": 0,
        "7": 0,
        "8": 0,
        "9": 0,
        "10": 0,
        "11": 0,
        "12": 0
      },
      "f": {
        "0": 0,
        "1": 0
      },
      "b": {
        "0": [
          0,
          0
        ],
        "1": [
          0,
          0
        ],
        "2": [
          0,
          0
        ]
      }
    },
    "/Users/jcnt514/Desktop/New/app_mobile_carrier360_new/src/navigators/AuthNavigator.js": {
      "path": "/Users/jcnt514/Desktop/New/app_mobile_carrier360_new/src/navigators/AuthNavigator.js",
      "statementMap": {
        "0": {
          "start": {
            "line": 1,
            "column": 0
          },
          "end": {
            "line": null,
            "column": -1
          }
        },
        "1": {
          "start": {
            "line": 2,
            "column": 0
          },
          "end": {
            "line": 3,
            "column": -1
          }
        },
        "2": {
          "start": {
            "line": 3,
            "column": 0
          },
          "end": {
            "line": null,
            "column": -1
          }
        },
        "3": {
          "start": {
            "line": 5,
            "column": 13
          },
          "end": {
            "line": 5,
            "column": 7
          }
        }
      },
      "fnMap": {},
      "branchMap": {},
      "s": {
        "0": 0,
        "1": 0,
        "2": 0,
        "3": 0
      },
      "f": {},
      "b": {}
    },
    "/Users/jcnt514/Desktop/New/app_mobile_carrier360_new/src/navigators/index.js": {
      "path": "/Users/jcnt514/Desktop/New/app_mobile_carrier360_new/src/navigators/index.js",
      "statementMap": {
        "0": {
          "start": {
            "line": 1,
            "column": 0
          },
          "end": {
            "line": null,
            "column": -1
          }
        }
      },
      "fnMap": {},
      "branchMap": {},
      "s": {
        "0": 0
      },
      "f": {},
      "b": {}
    },
    "/Users/jcnt514/Desktop/New/app_mobile_carrier360_new/src/utilties/case.js": {
      "path": "/Users/jcnt514/Desktop/New/app_mobile_carrier360_new/src/utilties/case.js",
      "statementMap": {
        "0": {
          "start": {
            "line": 2,
            "column": 13
          },
          "end": {
            "line": 2,
            "column": 7
          }
        },
        "1": {
          "start": {
            "line": 2,
            "column": 33
          },
          "end": {
            "line": 2,
            "column": 6
          }
        },
        "2": {
          "start": {
            "line": 2,
            "column": 73
          },
          "end": {
            "line": 2,
            "column": 40
          }
        },
        "3": {
          "start": {
            "line": 4,
            "column": 13
          },
          "end": {
            "line": 4,
            "column": 7
          }
        },
        "4": {
          "start": {
            "line": 4,
            "column": 28
          },
          "end": {
            "line": 4,
            "column": 6
          }
        }
      },
      "fnMap": {
        "0": {
          "name": "camelToUnderscore",
          "decl": {
            "start": {
              "line": 2,
              "column": 13
            },
            "end": {
              "line": 2,
              "column": 33
            }
          },
          "loc": {
            "start": {
              "line": 2,
              "column": 33
            },
            "end": {
              "line": 2,
              "column": 7
            }
          }
        },
        "1": {
          "name": "(anonymous_1)",
          "decl": {
            "start": {
              "line": 2,
              "column": 73
            },
            "end": {
              "line": 2,
              "column": 73
            }
          },
          "loc": {
            "start": {
              "line": 2,
              "column": 73
            },
            "end": {
              "line": 2,
              "column": 41
            }
          }
        },
        "2": {
          "name": "camelToSnake",
          "decl": {
            "start": {
              "line": 4,
              "column": 13
            },
            "end": {
              "line": 4,
              "column": 28
            }
          },
          "loc": {
            "start": {
              "line": 4,
              "column": 28
            },
            "end": {
              "line": 4,
              "column": 7
            }
          }
        }
      },
      "branchMap": {},
      "s": {
        "0": 0,
        "1": 0,
        "2": 0,
        "3": 0,
        "4": 0
      },
      "f": {
        "0": 0,
        "1": 0,
        "2": 0
      },
      "b": {}
    },
    "/Users/jcnt514/Desktop/New/app_mobile_carrier360_new/src/navigators/AppNavigator.js": {
      "path": "/Users/jcnt514/Desktop/New/app_mobile_carrier360_new/src/navigators/AppNavigator.js",
      "statementMap": {
        "0": {
          "start": {
            "line": 1,
            "column": 0
          },
          "end": {
            "line": null,
            "column": -1
          }
        },
        "1": {
          "start": {
            "line": 2,
            "column": 0
          },
          "end": {
            "line": 3,
            "column": -1
          }
        },
        "2": {
          "start": {
            "line": 3,
            "column": 0
          },
          "end": {
            "line": null,
            "column": -1
          }
        },
        "3": {
          "start": {
            "line": 4,
            "column": 0
          },
          "end": {
            "line": null,
            "column": -1
          }
        },
        "4": {
          "start": {
            "line": 5,
            "column": 0
          },
          "end": {
            "line": null,
            "column": -1
          }
        },
        "5": {
          "start": {
            "line": 6,
            "column": 0
          },
          "end": {
            "line": null,
            "column": -1
          }
        },
        "6": {
          "start": {
            "line": 8,
            "column": 13
          },
          "end": {
            "line": 8,
            "column": 7
          }
        },
        "7": {
          "start": {
            "line": 10,
            "column": 13
          },
          "end": {
            "line": 10,
            "column": 7
          }
        }
      },
      "fnMap": {},
      "branchMap": {},
      "s": {
        "0": 0,
        "1": 0,
        "2": 0,
        "3": 0,
        "4": 0,
        "5": 0,
        "6": 0,
        "7": 0
      },
      "f": {},
      "b": {}
    },
    "/Users/jcnt514/Desktop/New/app_mobile_carrier360_new/src/utilties/index.js": {
      "path": "/Users/jcnt514/Desktop/New/app_mobile_carrier360_new/src/utilties/index.js",
      "statementMap": {
        "0": {
          "start": {
            "line": 1,
            "column": 0
          },
          "end": {
            "line": null,
            "column": -1
          }
        }
      },
      "fnMap": {
        "0": {
          "name": "(anonymous_0)",
          "decl": {
            "start": {
              "line": 1,
              "column": 0
            },
            "end": {
              "line": null,
              "column": -1
            }
          },
          "loc": {
            "start": {
              "line": 1,
              "column": 0
            },
            "end": {
              "line": null,
              "column": -1
            }
          }
        }
      },
      "branchMap": {
        "0": {
          "loc": {
            "start": {
              "line": 1,
              "column": 0
            },
            "end": {
              "line": null,
              "column": -1
            }
          },
          "type": "if",
          "locations": [
            {
              "start": {
                "line": 1,
                "column": 0
              },
              "end": {
                "line": null,
                "column": -1
              }
            },
            {
              "start": {
                "line": 1,
                "column": 0
              },
              "end": {
                "line": null,
                "column": -1
              }
            }
          ]
        }
      },
      "s": {
        "0": 0
      },
      "f": {
        "0": 0
      },
      "b": {
        "0": [
          0,
          0
        ]
      }
    },
    "/Users/jcnt514/Desktop/New/app_mobile_carrier360_new/src/themes/360Colors.js": {
      "path": "/Users/jcnt514/Desktop/New/app_mobile_carrier360_new/src/themes/360Colors.js",
      "statementMap": {
        "0": {
          "start": {
            "line": 1,
            "column": 19
          },
          "end": {
            "line": 1,
            "column": 0
          }
        }
      },
      "fnMap": {},
      "branchMap": {},
      "s": {
        "0": 0
      },
      "f": {},
      "b": {}
    },
    "/Users/jcnt514/Desktop/New/app_mobile_carrier360_new/src/index.js": {
      "path": "/Users/jcnt514/Desktop/New/app_mobile_carrier360_new/src/index.js",
      "statementMap": {
        "0": {
          "start": {
            "line": 1,
            "column": 0
          },
          "end": {
            "line": 2,
            "column": -1
          }
        },
        "1": {
          "start": {
            "line": 2,
            "column": 0
          },
          "end": {
            "line": null,
            "column": -1
          }
        },
        "2": {
          "start": {
            "line": 4,
            "column": 0
          },
          "end": {
            "line": null,
            "column": -1
          }
        },
        "3": {
          "start": {
            "line": 4,
            "column": 55
          },
          "end": {
            "line": 4,
            "column": -1
          }
        }
      },
      "fnMap": {
        "0": {
          "name": "(anonymous_1)",
          "decl": {
            "start": {
              "line": 4,
              "column": 55
            },
            "end": {
              "line": 4,
              "column": -1
            }
          },
          "loc": {
            "start": {
              "line": 4,
              "column": 55
            },
            "end": {
              "line": 4,
              "column": 0
            }
          }
        }
      },
      "branchMap": {},
      "s": {
        "0": 0,
        "1": 0,
        "2": 0,
        "3": 0
      },
      "f": {
        "0": 0
      },
      "b": {}
    },
    "/Users/jcnt514/Desktop/New/app_mobile_carrier360_new/src/navigators/ReduxNavigator.js": {
      "path": "/Users/jcnt514/Desktop/New/app_mobile_carrier360_new/src/navigators/ReduxNavigator.js",
      "statementMap": {
        "0": {
          "start": {
            "line": 1,
            "column": 0
          },
          "end": {
            "line": null,
            "column": -1
          }
        },
        "1": {
          "start": {
            "line": 2,
            "column": 0
          },
          "end": {
            "line": null,
            "column": -1
          }
        },
        "2": {
          "start": {
            "line": 3,
            "column": 0
          },
          "end": {
            "line": 4,
            "column": -1
          }
        },
        "3": {
          "start": {
            "line": 4,
            "column": 0
          },
          "end": {
            "line": 5,
            "column": -1
          }
        },
        "4": {
          "start": {
            "line": 5,
            "column": 0
          },
          "end": {
            "line": 6,
            "column": -1
          }
        },
        "5": {
          "start": {
            "line": 6,
            "column": 0
          },
          "end": {
            "line": 7,
            "column": -1
          }
        },
        "6": {
          "start": {
            "line": 7,
            "column": 0
          },
          "end": {
            "line": null,
            "column": -1
          }
        },
        "7": {
          "start": {
            "line": 19,
            "column": 30
          },
          "end": {
            "line": 18,
            "column": 22
          }
        },
        "8": {
          "start": {
            "line": 18,
            "column": 22
          },
          "end": {
            "line": 18,
            "column": 21
          }
        },
        "9": {
          "start": {
            "line": 20,
            "column": 4
          },
          "end": {
            "line": 23,
            "column": 4
          }
        },
        "10": {
          "start": {
            "line": 21,
            "column": 6
          },
          "end": {
            "line": 22,
            "column": 5
          }
        },
        "11": {
          "start": {
            "line": 23,
            "column": 4
          },
          "end": {
            "line": 24,
            "column": 4
          }
        },
        "12": {
          "start": {
            "line": 24,
            "column": 4
          },
          "end": {
            "line": 25,
            "column": 3
          }
        },
        "13": {
          "start": {
            "line": 11,
            "column": 4
          },
          "end": {
            "line": 12,
            "column": 3
          }
        },
        "14": {
          "start": {
            "line": 15,
            "column": 4
          },
          "end": {
            "line": 16,
            "column": 3
          }
        },
        "15": {
          "start": {
            "line": 28,
            "column": 30
          },
          "end": {
            "line": 27,
            "column": 11
          }
        },
        "16": {
          "start": {
            "line": 27,
            "column": 11
          },
          "end": {
            "line": 27,
            "column": 10
          }
        },
        "17": {
          "start": {
            "line": 29,
            "column": 24
          },
          "end": {
            "line": 29,
            "column": 4
          }
        },
        "18": {
          "start": {
            "line": 30,
            "column": 23
          },
          "end": {
            "line": 30,
            "column": 4
          }
        },
        "19": {
          "start": {
            "line": 36,
            "column": 4
          },
          "end": {
            "line": 37,
            "column": 3
          }
        },
        "20": {
          "start": {
            "line": 39,
            "column": 24
          },
          "end": {
            "line": 39,
            "column": 0
          }
        },
        "21": {
          "start": {
            "line": 39,
            "column": 24
          },
          "end": {
            "line": 39,
            "column": -1
          }
        }
      },
      "fnMap": {
        "0": {
          "name": "mapStateToProps",
          "decl": {
            "start": {
              "line": 39,
              "column": 6
            },
            "end": {
              "line": 39,
              "column": 24
            }
          },
          "loc": {
            "start": {
              "line": 39,
              "column": 24
            },
            "end": {
              "line": 39,
              "column": 0
            }
          }
        }
      },
      "branchMap": {
        "0": {
          "loc": {
            "start": {
              "line": 20,
              "column": 4
            },
            "end": {
              "line": 23,
              "column": 4
            }
          },
          "type": "if",
          "locations": [
            {
              "start": {
                "line": 20,
                "column": 4
              },
              "end": {
                "line": 23,
                "column": 4
              }
            },
            {
              "start": {
                "line": 20,
                "column": 4
              },
              "end": {
                "line": 23,
                "column": 4
              }
            }
          ]
        }
      },
      "s": {
        "0": 0,
        "1": 0,
        "2": 0,
        "3": 0,
        "4": 0,
        "5": 0,
        "6": 0,
        "7": 0,
        "8": 0,
        "9": 0,
        "10": 0,
        "11": 0,
        "12": 0,
        "13": 0,
        "14": 0,
        "15": 0,
        "16": 0,
        "17": 0,
        "18": 0,
        "19": 0,
        "20": 0,
        "21": 0
      },
      "f": {
        "0": 0
      },
      "b": {
        "0": [
          0,
          0
        ]
      }
    },
    "/Users/jcnt514/Desktop/New/app_mobile_carrier360_new/src/App.js": {
      "path": "/Users/jcnt514/Desktop/New/app_mobile_carrier360_new/src/App.js",
      "statementMap": {
        "0": {
          "start": {
            "line": 1,
            "column": 0
          },
          "end": {
            "line": null,
            "column": -1
          }
        },
        "1": {
          "start": {
            "line": 2,
            "column": 0
          },
          "end": {
            "line": 3,
            "column": -1
          }
        },
        "2": {
          "start": {
            "line": 3,
            "column": 0
          },
          "end": {
            "line": 4,
            "column": -1
          }
        },
        "3": {
          "start": {
            "line": 4,
            "column": 0
          },
          "end": {
            "line": 5,
            "column": -1
          }
        },
        "4": {
          "start": {
            "line": 5,
            "column": 0
          },
          "end": {
            "line": null,
            "column": -1
          }
        },
        "5": {
          "start": {
            "line": 6,
            "column": 0
          },
          "end": {
            "line": null,
            "column": -1
          }
        },
        "6": {
          "start": {
            "line": 7,
            "column": 0
          },
          "end": {
            "line": null,
            "column": -1
          }
        },
        "7": {
          "start": {
            "line": 8,
            "column": 0
          },
          "end": {
            "line": null,
            "column": -1
          }
        },
        "8": {
          "start": {
            "line": 9,
            "column": 0
          },
          "end": {
            "line": null,
            "column": -1
          }
        },
        "9": {
          "start": {
            "line": 13,
            "column": 4
          },
          "end": {
            "line": 14,
            "column": 3
          }
        },
        "10": {
          "start": {
            "line": 17,
            "column": 4
          },
          "end": {
            "line": 26,
            "column": 3
          }
        }
      },
      "fnMap": {},
      "branchMap": {},
      "s": {
        "0": 0,
        "1": 0,
        "2": 0,
        "3": 0,
        "4": 0,
        "5": 0,
        "6": 0,
        "7": 0,
        "8": 0,
        "9": 0,
        "10": 0
      },
      "f": {},
      "b": {}
    }
  }
}