{
  "numFailedTestSuites": 1,
  "numFailedTests": 1,
  "numPassedTestSuites": 0,
  "numPassedTests": 0,
  "numPendingTestSuites": 0,
  "numPendingTests": 0,
  "numRuntimeErrorTestSuites": 0,
  "numTotalTestSuites": 1,
  "numTotalTests": 1,
  "snapshot": {
    "added": 0,
    "didUpdate": false,
    "failure": false,
    "filesAdded": 0,
    "filesRemoved": 0,
    "filesUnmatched": 0,
    "filesUpdated": 0,
    "matched": 0,
    "total": 0,
    "unchecked": 0,
    "uncheckedKeys": [],
    "unmatched": 0,
    "updated": 0
  },
  "startTime": 1525701142067,
  "success": false,
  "testResults": [
    {
      "console": null,
      "failureMessage": "\u001b[1m\u001b[31m  \u001b[1m● \u001b[1mCheck Login\u001b[39m\u001b[22m\n\n    Timeout - Async callback was not invoked within the 100000ms timeout specified by jest.setTimeout.\n\u001b[2m      \u001b[22m\n\u001b[2m      \u001b[2mat \u001b[2m\u001b[0m\u001b[36mnode_modules/jest-jasmine2/build/queue_runner.js\u001b[39m\u001b[0m\u001b[2m:68:21\u001b[2m\u001b[22m\n\n\u001b[1m\u001b[31m  \u001b[1m● \u001b[1mCheck Login\u001b[39m\u001b[22m\n\n    TypeError: Cannot read property 'waitForElementByAccessibilityId' of undefined\n\u001b[2m\u001b[22m\n\u001b[2m    \u001b[0m \u001b[90m 57 | \u001b[39m\u001b[0m\u001b[22m\n\u001b[2m    \u001b[0m \u001b[90m 58 | \u001b[39m\u001b[36mexport\u001b[39m \u001b[36mfunction\u001b[39m slowkey(elm\u001b[33m,\u001b[39m keys\u001b[33m,\u001b[39m delay) {\u001b[0m\u001b[22m\n\u001b[2m    \u001b[0m\u001b[31m\u001b[1m>\u001b[2m\u001b[39m\u001b[90m 59 | \u001b[39m  let action \u001b[33m=\u001b[39m driver\u001b[33m.\u001b[39mwaitForElementByAccessibilityId(elm)\u001b[33m.\u001b[39mclick()\u001b[33m;\u001b[39m\u001b[0m\u001b[22m\n\u001b[2m    \u001b[0m \u001b[90m 60 | \u001b[39m\u001b[0m\u001b[22m\n\u001b[2m    \u001b[0m \u001b[90m 61 | \u001b[39m  \u001b[36mfor\u001b[39m (let i \u001b[33m=\u001b[39m \u001b[35m0\u001b[39m\u001b[33m;\u001b[39m i \u001b[33m<\u001b[39m keys\u001b[33m.\u001b[39mlength\u001b[33m;\u001b[39m i\u001b[33m++\u001b[39m) {\u001b[0m\u001b[22m\n\u001b[2m    \u001b[0m \u001b[90m 62 | \u001b[39m    action \u001b[33m=\u001b[39m action\u001b[33m.\u001b[39msendKeys(keys[i])\u001b[33m.\u001b[39msleep(delay)\u001b[33m;\u001b[39m\u001b[0m\u001b[22m\n\u001b[2m      \u001b[22m\n\u001b[2m      \u001b[2mat Object.slowkey (\u001b[2m\u001b[0m\u001b[36me2e/Appium/Common/Actions.js\u001b[39m\u001b[0m\u001b[2m:59:23)\u001b[2m\u001b[22m\n\u001b[2m      \u001b[2mat Object._callee2$ (\u001b[2m\u001b[0m\u001b[36me2e/Appium/Test_Suite/TC1.login.test.js\u001b[39m\u001b[0m\u001b[2m:51:30)\u001b[2m\u001b[22m\n\u001b[2m      \u001b[2mat tryCatch (\u001b[2m\u001b[0m\u001b[36mnode_modules/regenerator-runtime/runtime.js\u001b[39m\u001b[0m\u001b[2m:62:40)\u001b[2m\u001b[22m\n\u001b[2m      \u001b[2mat Generator.invoke [as _invoke] (\u001b[2m\u001b[0m\u001b[36mnode_modules/regenerator-runtime/runtime.js\u001b[39m\u001b[0m\u001b[2m:296:22)\u001b[2m\u001b[22m\n\u001b[2m      \u001b[2mat Generator.prototype.(anonymous function) [as next] (\u001b[2m\u001b[0m\u001b[36mnode_modules/regenerator-runtime/runtime.js\u001b[39m\u001b[0m\u001b[2m:114:21)\u001b[2m\u001b[22m\n\u001b[2m      \u001b[2mat tryCatch (\u001b[2m\u001b[0m\u001b[36mnode_modules/regenerator-runtime/runtime.js\u001b[39m\u001b[0m\u001b[2m:62:40)\u001b[2m\u001b[22m\n\u001b[2m      \u001b[2mat invoke (\u001b[2m\u001b[0m\u001b[36mnode_modules/regenerator-runtime/runtime.js\u001b[39m\u001b[0m\u001b[2m:152:20)\u001b[2m\u001b[22m\n\u001b[2m      \u001b[2mat \u001b[2m\u001b[0m\u001b[36mnode_modules/regenerator-runtime/runtime.js\u001b[39m\u001b[0m\u001b[2m:162:13\u001b[2m\u001b[22m\n\u001b[2m      \u001b[2mat tryCallOne (\u001b[2m\u001b[0m\u001b[36mnode_modules/promise/lib/core.js\u001b[39m\u001b[0m\u001b[2m:37:12)\u001b[2m\u001b[22m\n\u001b[2m      \u001b[2mat \u001b[2m\u001b[0m\u001b[36mnode_modules/promise/lib/core.js\u001b[39m\u001b[0m\u001b[2m:123:15\u001b[2m\u001b[22m\n",
      "numFailingTests": 1,
      "numPassingTests": 0,
      "numPendingTests": 0,
      "perfStats": {
        "end": 1525701248143,
        "start": 1525701143902
      },
      "snapshot": {
        "added": 0,
        "fileDeleted": false,
        "matched": 0,
        "unchecked": 0,
        "unmatched": 0,
        "updated": 0,
        "uncheckedKeys": []
      },
      "testFilePath": "/Users/chennu/Desktop/test/app_mobile_carrier360/e2e/Appium/Test_Suite/TC1.login.test.js",
      "testResults": [
        {
          "ancestorTitles": [],
          "duration": 732,
          "failureMessages": [
            "Error: Timeout - Async callback was not invoked within the 100000ms timeout specified by jest.setTimeout.\n    at /Users/chennu/Desktop/test/app_mobile_carrier360/node_modules/jest-jasmine2/build/queue_runner.js:68:21\n    at Timeout.setTimeout (/Users/chennu/Desktop/test/app_mobile_carrier360/node_modules/jest-jasmine2/build/p_timeout.js:24:44)\n    at ontimeout (timers.js:466:11)\n    at tryOnTimeout (timers.js:304:5)\n    at Timer.listOnTimeout (timers.js:267:5)",
            "TypeError: Cannot read property 'waitForElementByAccessibilityId' of undefined\n    at Object.slowkey (/Users/chennu/Desktop/test/app_mobile_carrier360/e2e/Appium/Common/Actions.js:59:23)\n    at Object._callee2$ (/Users/chennu/Desktop/test/app_mobile_carrier360/e2e/Appium/Test_Suite/TC1.login.test.js:51:30)\n    at tryCatch (/Users/chennu/Desktop/test/app_mobile_carrier360/node_modules/regenerator-runtime/runtime.js:62:40)\n    at Generator.invoke [as _invoke] (/Users/chennu/Desktop/test/app_mobile_carrier360/node_modules/regenerator-runtime/runtime.js:296:22)\n    at Generator.prototype.(anonymous function) [as next] (/Users/chennu/Desktop/test/app_mobile_carrier360/node_modules/regenerator-runtime/runtime.js:114:21)\n    at tryCatch (/Users/chennu/Desktop/test/app_mobile_carrier360/node_modules/regenerator-runtime/runtime.js:62:40)\n    at invoke (/Users/chennu/Desktop/test/app_mobile_carrier360/node_modules/regenerator-runtime/runtime.js:152:20)\n    at /Users/chennu/Desktop/test/app_mobile_carrier360/node_modules/regenerator-runtime/runtime.js:162:13\n    at tryCallOne (/Users/chennu/Desktop/test/app_mobile_carrier360/node_modules/promise/lib/core.js:37:12)\n    at /Users/chennu/Desktop/test/app_mobile_carrier360/node_modules/promise/lib/core.js:123:15"
          ],
          "fullName": "Check Login",
          "location": null,
          "numPassingAsserts": 0,
          "status": "failed",
          "title": "Check Login"
        }
      ],
      "sourceMaps": {},
      "skipped": false,
      "leaks": false
    }
  ],
  "wasInterrupted": false,
  "coverageMap": {
    "/Users/chennu/Desktop/test/app_mobile_carrier360/src/setupTests.js": {
      "path": "/Users/chennu/Desktop/test/app_mobile_carrier360/src/setupTests.js",
      "statementMap": {
        "0": {
          "start": {
            "line": 4,
            "column": 0
          },
          "end": {
            "line": 4,
            "column": 38
          }
        }
      },
      "fnMap": {},
      "branchMap": {},
      "s": {
        "0": 1
      },
      "f": {},
      "b": {},
      "_coverageSchema": "332fd63041d2c1bcb487cc26dd0d5f7d97098a6c",
      "hash": "601eba15b2cec675fa9339a811c4952cd504cb87"
    },
    "/Users/chennu/Desktop/test/app_mobile_carrier360/src/state/reducers/screens/pendingUserStates/PendingUserStates.js": {
      "path": "/Users/chennu/Desktop/test/app_mobile_carrier360/src/state/reducers/screens/pendingUserStates/PendingUserStates.js",
      "statementMap": {
        "0": {
          "start": {
            "line": 7,
            "column": 45
          },
          "end": {
            "line": 7,
            "column": 44
          }
        },
        "1": {
          "start": {
            "line": 7,
            "column": 45
          },
          "end": {
            "line": 8,
            "column": 1
          }
        },
        "2": {
          "start": {
            "line": 8,
            "column": 2
          },
          "end": {
            "line": 12,
            "column": 2
          }
        },
        "3": {
          "start": {
            "line": 9,
            "column": 4
          },
          "end": {
            "line": 10,
            "column": 3
          }
        },
        "4": {
          "start": {
            "line": 12,
            "column": 2
          },
          "end": {
            "line": 13,
            "column": 1
          }
        },
        "5": {
          "start": {
            "line": 1,
            "column": 0
          },
          "end": {
            "line": 2,
            "column": -1
          }
        },
        "6": {
          "start": {
            "line": 2,
            "column": 0
          },
          "end": {
            "line": 3,
            "column": -1
          }
        },
        "7": {
          "start": {
            "line": 3,
            "column": 0
          },
          "end": {
            "line": null,
            "column": -1
          }
        },
        "8": {
          "start": {
            "line": 5,
            "column": 19
          },
          "end": {
            "line": 5,
            "column": 0
          }
        },
        "9": {
          "start": {
            "line": 5,
            "column": 60
          },
          "end": {
            "line": 5,
            "column": 18
          }
        }
      },
      "fnMap": {
        "0": {
          "name": "(anonymous_2)",
          "decl": {
            "start": {
              "line": 5,
              "column": 60
            },
            "end": {
              "line": 5,
              "column": 73
            }
          },
          "loc": {
            "start": {
              "line": 5,
              "column": 60
            },
            "end": {
              "line": 5,
              "column": 19
            }
          }
        }
      },
      "branchMap": {
        "0": {
          "loc": {
            "start": {
              "line": 7,
              "column": 45
            },
            "end": {
              "line": 7,
              "column": 32
            }
          },
          "type": "cond-expr",
          "locations": [
            {
              "start": {
                "line": 7,
                "column": 45
              },
              "end": {
                "line": 7,
                "column": 32
              }
            },
            {
              "start": {
                "line": 7,
                "column": 33
              },
              "end": {
                "line": 7,
                "column": 45
              }
            }
          ]
        },
        "1": {
          "loc": {
            "start": {
              "line": 7,
              "column": 45
            },
            "end": {
              "line": 7,
              "column": 32
            }
          },
          "type": "binary-expr",
          "locations": [
            {
              "start": {
                "line": 7,
                "column": 45
              },
              "end": {
                "line": 7,
                "column": 32
              }
            },
            {
              "start": {
                "line": 7,
                "column": 45
              },
              "end": {
                "line": 7,
                "column": 32
              }
            }
          ]
        },
        "2": {
          "loc": {
            "start": {
              "line": 8,
              "column": 2
            },
            "end": {
              "line": 12,
              "column": 2
            }
          },
          "type": "if",
          "locations": [
            {
              "start": {
                "line": 8,
                "column": 2
              },
              "end": {
                "line": 12,
                "column": 2
              }
            },
            {
              "start": {
                "line": 8,
                "column": 2
              },
              "end": {
                "line": 12,
                "column": 2
              }
            }
          ]
        }
      },
      "s": {
        "0": 0,
        "1": 0,
        "2": 0,
        "3": 0,
        "4": 0,
        "5": 0,
        "6": 0,
        "7": 0,
        "8": 0,
        "9": 0
      },
      "f": {
        "0": 0
      },
      "b": {
        "0": [
          0,
          0
        ],
        "1": [
          0,
          0
        ],
        "2": [
          0,
          0
        ]
      }
    },
    "/Users/chennu/Desktop/test/app_mobile_carrier360/src/screens/StyleGuide/StyleComponents/Typography.js": {
      "path": "/Users/chennu/Desktop/test/app_mobile_carrier360/src/screens/StyleGuide/StyleComponents/Typography.js",
      "statementMap": {
        "0": {
          "start": {
            "line": 1,
            "column": 0
          },
          "end": {
            "line": null,
            "column": -1
          }
        },
        "1": {
          "start": {
            "line": 2,
            "column": 0
          },
          "end": {
            "line": null,
            "column": -1
          }
        },
        "2": {
          "start": {
            "line": 4,
            "column": 19
          },
          "end": {
            "line": 4,
            "column": 0
          }
        },
        "3": {
          "start": {
            "line": 97,
            "column": 15
          },
          "end": {
            "line": 97,
            "column": 0
          }
        },
        "4": {
          "start": {
            "line": 115,
            "column": 19
          },
          "end": {
            "line": 115,
            "column": 0
          }
        },
        "5": {
          "start": {
            "line": 115,
            "column": 19
          },
          "end": {
            "line": 115,
            "column": -1
          }
        },
        "6": {
          "start": {
            "line": 117,
            "column": 19
          },
          "end": {
            "line": 116,
            "column": 1
          }
        },
        "7": {
          "start": {
            "line": 123,
            "column": 36
          },
          "end": {
            "line": 123,
            "column": 35
          }
        },
        "8": {
          "start": {
            "line": 124,
            "column": 2
          },
          "end": {
            "line": 154,
            "column": 1
          }
        }
      },
      "fnMap": {
        "0": {
          "name": "Typography",
          "decl": {
            "start": {
              "line": 115,
              "column": 6
            },
            "end": {
              "line": 115,
              "column": 19
            }
          },
          "loc": {
            "start": {
              "line": 115,
              "column": 19
            },
            "end": {
              "line": 115,
              "column": 0
            }
          }
        },
        "1": {
          "name": "keyExtractor",
          "decl": {
            "start": {
              "line": 117,
              "column": 19
            },
            "end": {
              "line": 117,
              "column": 26
            }
          },
          "loc": {
            "start": {
              "line": 117,
              "column": 19
            },
            "end": {
              "line": 116,
              "column": 2
            }
          }
        }
      },
      "branchMap": {
        "0": {
          "loc": {
            "start": {
              "line": 125,
              "column": 48
            },
            "end": {
              "line": 125,
              "column": 32
            }
          },
          "type": "cond-expr",
          "locations": [
            {
              "start": {
                "line": 125,
                "column": 48
              },
              "end": {
                "line": 125,
                "column": 32
              }
            },
            {
              "start": {
                "line": 125,
                "column": 53
              },
              "end": {
                "line": 125,
                "column": 18
              }
            }
          ]
        }
      },
      "s": {
        "0": 0,
        "1": 0,
        "2": 0,
        "3": 0,
        "4": 0,
        "5": 0,
        "6": 0,
        "7": 0,
        "8": 0
      },
      "f": {
        "0": 0,
        "1": 0
      },
      "b": {
        "0": [
          0,
          0
        ]
      }
    },
    "/Users/chennu/Desktop/test/app_mobile_carrier360/src/screens/StyleGuide/StyleComponents/Notifications.js": {
      "path": "/Users/chennu/Desktop/test/app_mobile_carrier360/src/screens/StyleGuide/StyleComponents/Notifications.js",
      "statementMap": {
        "0": {
          "start": {
            "line": 1,
            "column": 0
          },
          "end": {
            "line": null,
            "column": -1
          }
        },
        "1": {
          "start": {
            "line": 2,
            "column": 0
          },
          "end": {
            "line": 3,
            "column": -1
          }
        },
        "2": {
          "start": {
            "line": 3,
            "column": 0
          },
          "end": {
            "line": 4,
            "column": -1
          }
        },
        "3": {
          "start": {
            "line": 4,
            "column": 0
          },
          "end": {
            "line": null,
            "column": -1
          }
        },
        "4": {
          "start": {
            "line": 12,
            "column": 17
          },
          "end": {
            "line": 12,
            "column": 0
          }
        },
        "5": {
          "start": {
            "line": 20,
            "column": 22
          },
          "end": {
            "line": 19,
            "column": 11
          }
        },
        "6": {
          "start": {
            "line": 21,
            "column": 4
          },
          "end": {
            "line": 79,
            "column": 3
          }
        },
        "7": {
          "start": {
            "line": 25,
            "column": 20
          },
          "end": {
            "line": 23,
            "column": 7
          }
        },
        "8": {
          "start": {
            "line": 34,
            "column": 20
          },
          "end": {
            "line": 32,
            "column": 7
          }
        },
        "9": {
          "start": {
            "line": 43,
            "column": 20
          },
          "end": {
            "line": 41,
            "column": 7
          }
        },
        "10": {
          "start": {
            "line": 52,
            "column": 20
          },
          "end": {
            "line": 50,
            "column": 7
          }
        },
        "11": {
          "start": {
            "line": 62,
            "column": 20
          },
          "end": {
            "line": 60,
            "column": 7
          }
        },
        "12": {
          "start": {
            "line": 73,
            "column": 20
          },
          "end": {
            "line": 70,
            "column": 7
          }
        }
      },
      "fnMap": {
        "0": {
          "name": "onPress",
          "decl": {
            "start": {
              "line": 25,
              "column": 20
            },
            "end": {
              "line": 25,
              "column": 25
            }
          },
          "loc": {
            "start": {
              "line": 25,
              "column": 20
            },
            "end": {
              "line": 23,
              "column": 8
            }
          }
        },
        "1": {
          "name": "onPress",
          "decl": {
            "start": {
              "line": 34,
              "column": 20
            },
            "end": {
              "line": 34,
              "column": 25
            }
          },
          "loc": {
            "start": {
              "line": 34,
              "column": 20
            },
            "end": {
              "line": 32,
              "column": 8
            }
          }
        },
        "2": {
          "name": "onPress",
          "decl": {
            "start": {
              "line": 43,
              "column": 20
            },
            "end": {
              "line": 43,
              "column": 25
            }
          },
          "loc": {
            "start": {
              "line": 43,
              "column": 20
            },
            "end": {
              "line": 41,
              "column": 8
            }
          }
        },
        "3": {
          "name": "onPress",
          "decl": {
            "start": {
              "line": 52,
              "column": 20
            },
            "end": {
              "line": 52,
              "column": 25
            }
          },
          "loc": {
            "start": {
              "line": 52,
              "column": 20
            },
            "end": {
              "line": 50,
              "column": 8
            }
          }
        },
        "4": {
          "name": "onPress",
          "decl": {
            "start": {
              "line": 62,
              "column": 20
            },
            "end": {
              "line": 62,
              "column": 25
            }
          },
          "loc": {
            "start": {
              "line": 62,
              "column": 20
            },
            "end": {
              "line": 60,
              "column": 8
            }
          }
        },
        "5": {
          "name": "onPress",
          "decl": {
            "start": {
              "line": 73,
              "column": 20
            },
            "end": {
              "line": 73,
              "column": 25
            }
          },
          "loc": {
            "start": {
              "line": 73,
              "column": 20
            },
            "end": {
              "line": 70,
              "column": 8
            }
          }
        }
      },
      "branchMap": {},
      "s": {
        "0": 0,
        "1": 0,
        "2": 0,
        "3": 0,
        "4": 0,
        "5": 0,
        "6": 0,
        "7": 0,
        "8": 0,
        "9": 0,
        "10": 0,
        "11": 0,
        "12": 0
      },
      "f": {
        "0": 0,
        "1": 0,
        "2": 0,
        "3": 0,
        "4": 0,
        "5": 0
      },
      "b": {}
    },
    "/Users/chennu/Desktop/test/app_mobile_carrier360/src/screens/StyleGuide/StyleComponents/Linking.js": {
      "path": "/Users/chennu/Desktop/test/app_mobile_carrier360/src/screens/StyleGuide/StyleComponents/Linking.js",
      "statementMap": {
        "0": {
          "start": {
            "line": 1,
            "column": 0
          },
          "end": {
            "line": null,
            "column": -1
          }
        },
        "1": {
          "start": {
            "line": 2,
            "column": 0
          },
          "end": {
            "line": 3,
            "column": -1
          }
        },
        "2": {
          "start": {
            "line": 3,
            "column": 0
          },
          "end": {
            "line": 4,
            "column": -1
          }
        },
        "3": {
          "start": {
            "line": 4,
            "column": 0
          },
          "end": {
            "line": null,
            "column": -1
          }
        },
        "4": {
          "start": {
            "line": 6,
            "column": 15
          },
          "end": {
            "line": 6,
            "column": 0
          }
        },
        "5": {
          "start": {
            "line": 21,
            "column": 4
          },
          "end": {
            "line": 61,
            "column": 3
          }
        },
        "6": {
          "start": {
            "line": 34,
            "column": 20
          },
          "end": {
            "line": 29,
            "column": 7
          }
        },
        "7": {
          "start": {
            "line": 44,
            "column": 20
          },
          "end": {
            "line": 39,
            "column": 7
          }
        },
        "8": {
          "start": {
            "line": 54,
            "column": 20
          },
          "end": {
            "line": 49,
            "column": 7
          }
        }
      },
      "fnMap": {
        "0": {
          "name": "onPress",
          "decl": {
            "start": {
              "line": 34,
              "column": 20
            },
            "end": {
              "line": 34,
              "column": 25
            }
          },
          "loc": {
            "start": {
              "line": 34,
              "column": 20
            },
            "end": {
              "line": 29,
              "column": 8
            }
          }
        },
        "1": {
          "name": "onPress",
          "decl": {
            "start": {
              "line": 44,
              "column": 20
            },
            "end": {
              "line": 44,
              "column": 25
            }
          },
          "loc": {
            "start": {
              "line": 44,
              "column": 20
            },
            "end": {
              "line": 39,
              "column": 8
            }
          }
        },
        "2": {
          "name": "onPress",
          "decl": {
            "start": {
              "line": 54,
              "column": 20
            },
            "end": {
              "line": 54,
              "column": 25
            }
          },
          "loc": {
            "start": {
              "line": 54,
              "column": 20
            },
            "end": {
              "line": 49,
              "column": 8
            }
          }
        }
      },
      "branchMap": {},
      "s": {
        "0": 0,
        "1": 0,
        "2": 0,
        "3": 0,
        "4": 0,
        "5": 0,
        "6": 0,
        "7": 0,
        "8": 0
      },
      "f": {
        "0": 0,
        "1": 0,
        "2": 0
      },
      "b": {}
    },
    "/Users/chennu/Desktop/test/app_mobile_carrier360/src/screens/StyleGuide/StyleComponents/NBComponents.js": {
      "path": "/Users/chennu/Desktop/test/app_mobile_carrier360/src/screens/StyleGuide/StyleComponents/NBComponents.js",
      "statementMap": {
        "0": {
          "start": {
            "line": 1,
            "column": 0
          },
          "end": {
            "line": null,
            "column": -1
          }
        },
        "1": {
          "start": {
            "line": 2,
            "column": 0
          },
          "end": {
            "line": 3,
            "column": -1
          }
        },
        "2": {
          "start": {
            "line": 3,
            "column": 0
          },
          "end": {
            "line": null,
            "column": -1
          }
        },
        "3": {
          "start": {
            "line": 5,
            "column": 15
          },
          "end": {
            "line": 5,
            "column": 0
          }
        },
        "4": {
          "start": {
            "line": 34,
            "column": 4
          },
          "end": {
            "line": 120,
            "column": 3
          }
        }
      },
      "fnMap": {},
      "branchMap": {},
      "s": {
        "0": 0,
        "1": 0,
        "2": 0,
        "3": 0,
        "4": 0
      },
      "f": {},
      "b": {}
    },
    "/Users/chennu/Desktop/test/app_mobile_carrier360/src/screens/StyleGuide/StyleComponents/config.js": {
      "path": "/Users/chennu/Desktop/test/app_mobile_carrier360/src/screens/StyleGuide/StyleComponents/config.js",
      "statementMap": {
        "0": {
          "start": {
            "line": 2,
            "column": 0
          },
          "end": {
            "line": null,
            "column": -1
          }
        },
        "1": {
          "start": {
            "line": 3,
            "column": 0
          },
          "end": {
            "line": null,
            "column": -1
          }
        },
        "2": {
          "start": {
            "line": 4,
            "column": 0
          },
          "end": {
            "line": null,
            "column": -1
          }
        },
        "3": {
          "start": {
            "line": 5,
            "column": 0
          },
          "end": {
            "line": null,
            "column": -1
          }
        },
        "4": {
          "start": {
            "line": 6,
            "column": 0
          },
          "end": {
            "line": null,
            "column": -1
          }
        },
        "5": {
          "start": {
            "line": 7,
            "column": 0
          },
          "end": {
            "line": null,
            "column": -1
          }
        },
        "6": {
          "start": {
            "line": 8,
            "column": 0
          },
          "end": {
            "line": null,
            "column": -1
          }
        }
      },
      "fnMap": {},
      "branchMap": {},
      "s": {
        "0": 0,
        "1": 0,
        "2": 0,
        "3": 0,
        "4": 0,
        "5": 0,
        "6": 0
      },
      "f": {},
      "b": {}
    },
    "/Users/chennu/Desktop/test/app_mobile_carrier360/src/screens/StyleGuide/StyleComponents/Colors.js": {
      "path": "/Users/chennu/Desktop/test/app_mobile_carrier360/src/screens/StyleGuide/StyleComponents/Colors.js",
      "statementMap": {
        "0": {
          "start": {
            "line": 1,
            "column": 0
          },
          "end": {
            "line": null,
            "column": -1
          }
        },
        "1": {
          "start": {
            "line": 2,
            "column": 0
          },
          "end": {
            "line": null,
            "column": -1
          }
        },
        "2": {
          "start": {
            "line": 3,
            "column": 0
          },
          "end": {
            "line": null,
            "column": -1
          }
        },
        "3": {
          "start": {
            "line": 4,
            "column": 0
          },
          "end": {
            "line": null,
            "column": -1
          }
        },
        "4": {
          "start": {
            "line": 6,
            "column": 15
          },
          "end": {
            "line": 6,
            "column": 0
          }
        },
        "5": {
          "start": {
            "line": 93,
            "column": 15
          },
          "end": {
            "line": 93,
            "column": 0
          }
        },
        "6": {
          "start": {
            "line": 113,
            "column": 15
          },
          "end": {
            "line": 113,
            "column": 0
          }
        },
        "7": {
          "start": {
            "line": 114,
            "column": 24
          },
          "end": {
            "line": 114,
            "column": 2
          }
        },
        "8": {
          "start": {
            "line": 114,
            "column": 39
          },
          "end": {
            "line": 114,
            "column": 23
          }
        },
        "9": {
          "start": {
            "line": 115,
            "column": 26
          },
          "end": {
            "line": 115,
            "column": 2
          }
        },
        "10": {
          "start": {
            "line": 115,
            "column": 41
          },
          "end": {
            "line": 115,
            "column": 25
          }
        },
        "11": {
          "start": {
            "line": 116,
            "column": 21
          },
          "end": {
            "line": 116,
            "column": 2
          }
        },
        "12": {
          "start": {
            "line": 116,
            "column": 36
          },
          "end": {
            "line": 116,
            "column": 20
          }
        },
        "13": {
          "start": {
            "line": 117,
            "column": 2
          },
          "end": {
            "line": 133,
            "column": 1
          }
        },
        "14": {
          "start": {
            "line": 136,
            "column": 2
          },
          "end": {
            "line": 147,
            "column": 1
          }
        },
        "15": {
          "start": {
            "line": 137,
            "column": 39
          },
          "end": {
            "line": 136,
            "column": 46
          }
        },
        "16": {
          "start": {
            "line": 138,
            "column": 4
          },
          "end": {
            "line": 146,
            "column": 3
          }
        }
      },
      "fnMap": {
        "0": {
          "name": "Colors",
          "decl": {
            "start": {
              "line": 113,
              "column": 6
            },
            "end": {
              "line": 113,
              "column": 15
            }
          },
          "loc": {
            "start": {
              "line": 113,
              "column": 21
            },
            "end": {
              "line": 113,
              "column": 0
            }
          }
        },
        "1": {
          "name": "(anonymous_3)",
          "decl": {
            "start": {
              "line": 114,
              "column": 39
            },
            "end": {
              "line": 114,
              "column": 47
            }
          },
          "loc": {
            "start": {
              "line": 114,
              "column": 39
            },
            "end": {
              "line": 114,
              "column": 24
            }
          }
        },
        "2": {
          "name": "(anonymous_4)",
          "decl": {
            "start": {
              "line": 115,
              "column": 41
            },
            "end": {
              "line": 115,
              "column": 49
            }
          },
          "loc": {
            "start": {
              "line": 115,
              "column": 41
            },
            "end": {
              "line": 115,
              "column": 26
            }
          }
        },
        "3": {
          "name": "(anonymous_5)",
          "decl": {
            "start": {
              "line": 116,
              "column": 36
            },
            "end": {
              "line": 116,
              "column": 44
            }
          },
          "loc": {
            "start": {
              "line": 116,
              "column": 36
            },
            "end": {
              "line": 116,
              "column": 21
            }
          }
        },
        "4": {
          "name": "(anonymous_7)",
          "decl": {
            "start": {
              "line": 136,
              "column": 24
            },
            "end": {
              "line": 136,
              "column": 24
            }
          },
          "loc": {
            "start": {
              "line": 136,
              "column": 46
            },
            "end": {
              "line": 136,
              "column": 9
            }
          }
        }
      },
      "branchMap": {},
      "s": {
        "0": 0,
        "1": 0,
        "2": 0,
        "3": 0,
        "4": 0,
        "5": 0,
        "6": 0,
        "7": 0,
        "8": 0,
        "9": 0,
        "10": 0,
        "11": 0,
        "12": 0,
        "13": 0,
        "14": 0,
        "15": 0,
        "16": 0
      },
      "f": {
        "0": 0,
        "1": 0,
        "2": 0,
        "3": 0,
        "4": 0
      },
      "b": {}
    },
    "/Users/chennu/Desktop/test/app_mobile_carrier360/src/screens/StyleGuide/StyleComponents/Avatar.js": {
      "path": "/Users/chennu/Desktop/test/app_mobile_carrier360/src/screens/StyleGuide/StyleComponents/Avatar.js",
      "statementMap": {
        "0": {
          "start": {
            "line": 1,
            "column": 0
          },
          "end": {
            "line": null,
            "column": -1
          }
        },
        "1": {
          "start": {
            "line": 2,
            "column": 0
          },
          "end": {
            "line": 3,
            "column": -1
          }
        },
        "2": {
          "start": {
            "line": 3,
            "column": 0
          },
          "end": {
            "line": 4,
            "column": -1
          }
        },
        "3": {
          "start": {
            "line": 4,
            "column": 0
          },
          "end": {
            "line": null,
            "column": -1
          }
        },
        "4": {
          "start": {
            "line": 6,
            "column": 26
          },
          "end": {
            "line": 6,
            "column": 0
          }
        },
        "5": {
          "start": {
            "line": 8,
            "column": 15
          },
          "end": {
            "line": 8,
            "column": 0
          }
        },
        "6": {
          "start": {
            "line": 29,
            "column": 4
          },
          "end": {
            "line": 66,
            "column": 3
          }
        }
      },
      "fnMap": {},
      "branchMap": {},
      "s": {
        "0": 0,
        "1": 0,
        "2": 0,
        "3": 0,
        "4": 0,
        "5": 0,
        "6": 0
      },
      "f": {},
      "b": {}
    },
    "/Users/chennu/Desktop/test/app_mobile_carrier360/src/screens/StyleGuide/StyleComponents/InputField.js": {
      "path": "/Users/chennu/Desktop/test/app_mobile_carrier360/src/screens/StyleGuide/StyleComponents/InputField.js",
      "statementMap": {
        "0": {
          "start": {
            "line": 1,
            "column": 0
          },
          "end": {
            "line": null,
            "column": -1
          }
        },
        "1": {
          "start": {
            "line": 2,
            "column": 0
          },
          "end": {
            "line": 3,
            "column": -1
          }
        },
        "2": {
          "start": {
            "line": 3,
            "column": 0
          },
          "end": {
            "line": 4,
            "column": -1
          }
        },
        "3": {
          "start": {
            "line": 4,
            "column": 0
          },
          "end": {
            "line": null,
            "column": -1
          }
        },
        "4": {
          "start": {
            "line": 5,
            "column": 0
          },
          "end": {
            "line": 6,
            "column": -1
          }
        },
        "5": {
          "start": {
            "line": 6,
            "column": 0
          },
          "end": {
            "line": null,
            "column": -1
          }
        },
        "6": {
          "start": {
            "line": 7,
            "column": 0
          },
          "end": {
            "line": null,
            "column": -1
          }
        },
        "7": {
          "start": {
            "line": 9,
            "column": 15
          },
          "end": {
            "line": 9,
            "column": 0
          }
        },
        "8": {
          "start": {
            "line": 33,
            "column": 16
          },
          "end": {
            "line": 36,
            "column": 3
          }
        },
        "9": {
          "start": {
            "line": 36,
            "column": 4
          },
          "end": {
            "line": 33,
            "column": 16
          }
        },
        "10": {
          "start": {
            "line": 33,
            "column": 16
          },
          "end": {
            "line": 44,
            "column": 3
          }
        },
        "11": {
          "start": {
            "line": 46,
            "column": 11
          },
          "end": {
            "line": 47,
            "column": 3
          }
        },
        "12": {
          "start": {
            "line": 47,
            "column": 4
          },
          "end": {
            "line": 182,
            "column": 3
          }
        },
        "13": {
          "start": {
            "line": 57,
            "column": 27
          },
          "end": {
            "line": 52,
            "column": 9
          }
        },
        "14": {
          "start": {
            "line": 57,
            "column": 49
          },
          "end": {
            "line": 57,
            "column": 34
          }
        },
        "15": {
          "start": {
            "line": 67,
            "column": 27
          },
          "end": {
            "line": 61,
            "column": 9
          }
        },
        "16": {
          "start": {
            "line": 67,
            "column": 49
          },
          "end": {
            "line": 67,
            "column": 34
          }
        },
        "17": {
          "start": {
            "line": 78,
            "column": 27
          },
          "end": {
            "line": 74,
            "column": 9
          }
        },
        "18": {
          "start": {
            "line": 78,
            "column": 49
          },
          "end": {
            "line": 78,
            "column": 34
          }
        },
        "19": {
          "start": {
            "line": 84,
            "column": 27
          },
          "end": {
            "line": 81,
            "column": 9
          }
        },
        "20": {
          "start": {
            "line": 84,
            "column": 49
          },
          "end": {
            "line": 84,
            "column": 34
          }
        },
        "21": {
          "start": {
            "line": 92,
            "column": 27
          },
          "end": {
            "line": 88,
            "column": 9
          }
        },
        "22": {
          "start": {
            "line": 92,
            "column": 49
          },
          "end": {
            "line": 92,
            "column": 34
          }
        },
        "23": {
          "start": {
            "line": 101,
            "column": 27
          },
          "end": {
            "line": 96,
            "column": 9
          }
        },
        "24": {
          "start": {
            "line": 101,
            "column": 49
          },
          "end": {
            "line": 101,
            "column": 34
          }
        },
        "25": {
          "start": {
            "line": 112,
            "column": 27
          },
          "end": {
            "line": 106,
            "column": 9
          }
        },
        "26": {
          "start": {
            "line": 112,
            "column": 49
          },
          "end": {
            "line": 112,
            "column": 34
          }
        },
        "27": {
          "start": {
            "line": 120,
            "column": 27
          },
          "end": {
            "line": 116,
            "column": 9
          }
        },
        "28": {
          "start": {
            "line": 120,
            "column": 49
          },
          "end": {
            "line": 120,
            "column": 34
          }
        },
        "29": {
          "start": {
            "line": 131,
            "column": 28
          },
          "end": {
            "line": 131,
            "column": 14
          }
        },
        "30": {
          "start": {
            "line": 132,
            "column": 14
          },
          "end": {
            "line": 133,
            "column": 13
          }
        },
        "31": {
          "start": {
            "line": 132,
            "column": 28
          },
          "end": {
            "line": 132,
            "column": 13
          }
        },
        "32": {
          "start": {
            "line": 145,
            "column": 28
          },
          "end": {
            "line": 145,
            "column": 14
          }
        },
        "33": {
          "start": {
            "line": 146,
            "column": 14
          },
          "end": {
            "line": 151,
            "column": 13
          }
        },
        "34": {
          "start": {
            "line": 146,
            "column": 28
          },
          "end": {
            "line": 146,
            "column": 13
          }
        },
        "35": {
          "start": {
            "line": 158,
            "column": 27
          },
          "end": {
            "line": 155,
            "column": 9
          }
        },
        "36": {
          "start": {
            "line": 158,
            "column": 57
          },
          "end": {
            "line": 158,
            "column": 42
          }
        },
        "37": {
          "start": {
            "line": 160,
            "column": 14
          },
          "end": {
            "line": 155,
            "column": 9
          }
        },
        "38": {
          "start": {
            "line": 160,
            "column": 45
          },
          "end": {
            "line": 160,
            "column": 30
          }
        },
        "39": {
          "start": {
            "line": 171,
            "column": 14
          },
          "end": {
            "line": 167,
            "column": 9
          }
        },
        "40": {
          "start": {
            "line": 171,
            "column": 43
          },
          "end": {
            "line": 171,
            "column": 28
          }
        },
        "41": {
          "start": {
            "line": 174,
            "column": 14
          },
          "end": {
            "line": 167,
            "column": 9
          }
        },
        "42": {
          "start": {
            "line": 174,
            "column": 45
          },
          "end": {
            "line": 174,
            "column": 30
          }
        }
      },
      "fnMap": {
        "0": {
          "name": "onChangeText",
          "decl": {
            "start": {
              "line": 57,
              "column": 27
            },
            "end": {
              "line": 57,
              "column": 34
            }
          },
          "loc": {
            "start": {
              "line": 57,
              "column": 27
            },
            "end": {
              "line": 52,
              "column": 10
            }
          }
        },
        "1": {
          "name": "(anonymous_12)",
          "decl": {
            "start": {
              "line": 57,
              "column": 49
            },
            "end": {
              "line": 57,
              "column": 63
            }
          },
          "loc": {
            "start": {
              "line": 57,
              "column": 49
            },
            "end": {
              "line": 57,
              "column": 35
            }
          }
        },
        "2": {
          "name": "onChangeText",
          "decl": {
            "start": {
              "line": 67,
              "column": 27
            },
            "end": {
              "line": 67,
              "column": 34
            }
          },
          "loc": {
            "start": {
              "line": 67,
              "column": 27
            },
            "end": {
              "line": 61,
              "column": 10
            }
          }
        },
        "3": {
          "name": "(anonymous_14)",
          "decl": {
            "start": {
              "line": 67,
              "column": 49
            },
            "end": {
              "line": 67,
              "column": 63
            }
          },
          "loc": {
            "start": {
              "line": 67,
              "column": 49
            },
            "end": {
              "line": 67,
              "column": 35
            }
          }
        },
        "4": {
          "name": "onChangeText",
          "decl": {
            "start": {
              "line": 78,
              "column": 27
            },
            "end": {
              "line": 78,
              "column": 34
            }
          },
          "loc": {
            "start": {
              "line": 78,
              "column": 27
            },
            "end": {
              "line": 74,
              "column": 10
            }
          }
        },
        "5": {
          "name": "(anonymous_16)",
          "decl": {
            "start": {
              "line": 78,
              "column": 49
            },
            "end": {
              "line": 78,
              "column": 63
            }
          },
          "loc": {
            "start": {
              "line": 78,
              "column": 49
            },
            "end": {
              "line": 78,
              "column": 35
            }
          }
        },
        "6": {
          "name": "onChangeText",
          "decl": {
            "start": {
              "line": 84,
              "column": 27
            },
            "end": {
              "line": 84,
              "column": 34
            }
          },
          "loc": {
            "start": {
              "line": 84,
              "column": 27
            },
            "end": {
              "line": 81,
              "column": 10
            }
          }
        },
        "7": {
          "name": "(anonymous_18)",
          "decl": {
            "start": {
              "line": 84,
              "column": 49
            },
            "end": {
              "line": 84,
              "column": 63
            }
          },
          "loc": {
            "start": {
              "line": 84,
              "column": 49
            },
            "end": {
              "line": 84,
              "column": 35
            }
          }
        },
        "8": {
          "name": "onChangeText",
          "decl": {
            "start": {
              "line": 92,
              "column": 27
            },
            "end": {
              "line": 92,
              "column": 34
            }
          },
          "loc": {
            "start": {
              "line": 92,
              "column": 27
            },
            "end": {
              "line": 88,
              "column": 10
            }
          }
        },
        "9": {
          "name": "(anonymous_20)",
          "decl": {
            "start": {
              "line": 92,
              "column": 49
            },
            "end": {
              "line": 92,
              "column": 63
            }
          },
          "loc": {
            "start": {
              "line": 92,
              "column": 49
            },
            "end": {
              "line": 92,
              "column": 35
            }
          }
        },
        "10": {
          "name": "onChangeText",
          "decl": {
            "start": {
              "line": 101,
              "column": 27
            },
            "end": {
              "line": 101,
              "column": 34
            }
          },
          "loc": {
            "start": {
              "line": 101,
              "column": 27
            },
            "end": {
              "line": 96,
              "column": 10
            }
          }
        },
        "11": {
          "name": "(anonymous_22)",
          "decl": {
            "start": {
              "line": 101,
              "column": 49
            },
            "end": {
              "line": 101,
              "column": 63
            }
          },
          "loc": {
            "start": {
              "line": 101,
              "column": 49
            },
            "end": {
              "line": 101,
              "column": 35
            }
          }
        },
        "12": {
          "name": "onChangeText",
          "decl": {
            "start": {
              "line": 112,
              "column": 27
            },
            "end": {
              "line": 112,
              "column": 34
            }
          },
          "loc": {
            "start": {
              "line": 112,
              "column": 27
            },
            "end": {
              "line": 106,
              "column": 10
            }
          }
        },
        "13": {
          "name": "(anonymous_24)",
          "decl": {
            "start": {
              "line": 112,
              "column": 49
            },
            "end": {
              "line": 112,
              "column": 63
            }
          },
          "loc": {
            "start": {
              "line": 112,
              "column": 49
            },
            "end": {
              "line": 112,
              "column": 35
            }
          }
        },
        "14": {
          "name": "onChangeText",
          "decl": {
            "start": {
              "line": 120,
              "column": 27
            },
            "end": {
              "line": 120,
              "column": 34
            }
          },
          "loc": {
            "start": {
              "line": 120,
              "column": 27
            },
            "end": {
              "line": 116,
              "column": 10
            }
          }
        },
        "15": {
          "name": "(anonymous_26)",
          "decl": {
            "start": {
              "line": 120,
              "column": 49
            },
            "end": {
              "line": 120,
              "column": 63
            }
          },
          "loc": {
            "start": {
              "line": 120,
              "column": 49
            },
            "end": {
              "line": 120,
              "column": 35
            }
          }
        },
        "16": {
          "name": "onChangeText",
          "decl": {
            "start": {
              "line": 130,
              "column": 27
            },
            "end": {
              "line": 130,
              "column": 27
            }
          },
          "loc": {
            "start": {
              "line": 130,
              "column": 37
            },
            "end": {
              "line": 125,
              "column": 10
            }
          }
        },
        "17": {
          "name": "(anonymous_28)",
          "decl": {
            "start": {
              "line": 132,
              "column": 28
            },
            "end": {
              "line": 132,
              "column": 42
            }
          },
          "loc": {
            "start": {
              "line": 132,
              "column": 28
            },
            "end": {
              "line": 132,
              "column": 14
            }
          }
        },
        "18": {
          "name": "onChangeText",
          "decl": {
            "start": {
              "line": 144,
              "column": 27
            },
            "end": {
              "line": 144,
              "column": 27
            }
          },
          "loc": {
            "start": {
              "line": 144,
              "column": 37
            },
            "end": {
              "line": 138,
              "column": 10
            }
          }
        },
        "19": {
          "name": "(anonymous_30)",
          "decl": {
            "start": {
              "line": 146,
              "column": 28
            },
            "end": {
              "line": 147,
              "column": 18
            }
          },
          "loc": {
            "start": {
              "line": 146,
              "column": 28
            },
            "end": {
              "line": 146,
              "column": 14
            }
          }
        },
        "20": {
          "name": "onChangeText",
          "decl": {
            "start": {
              "line": 158,
              "column": 27
            },
            "end": {
              "line": 158,
              "column": 42
            }
          },
          "loc": {
            "start": {
              "line": 158,
              "column": 27
            },
            "end": {
              "line": 155,
              "column": 10
            }
          }
        },
        "21": {
          "name": "(anonymous_32)",
          "decl": {
            "start": {
              "line": 158,
              "column": 57
            },
            "end": {
              "line": 158,
              "column": 71
            }
          },
          "loc": {
            "start": {
              "line": 158,
              "column": 57
            },
            "end": {
              "line": 158,
              "column": 43
            }
          }
        },
        "22": {
          "name": "onValidationUpdate",
          "decl": {
            "start": {
              "line": 160,
              "column": 14
            },
            "end": {
              "line": 160,
              "column": 30
            }
          },
          "loc": {
            "start": {
              "line": 160,
              "column": 14
            },
            "end": {
              "line": 155,
              "column": 10
            }
          }
        },
        "23": {
          "name": "(anonymous_34)",
          "decl": {
            "start": {
              "line": 160,
              "column": 45
            },
            "end": {
              "line": 160,
              "column": 59
            }
          },
          "loc": {
            "start": {
              "line": 160,
              "column": 45
            },
            "end": {
              "line": 160,
              "column": 31
            }
          }
        },
        "24": {
          "name": "onChangeText",
          "decl": {
            "start": {
              "line": 171,
              "column": 14
            },
            "end": {
              "line": 171,
              "column": 28
            }
          },
          "loc": {
            "start": {
              "line": 171,
              "column": 14
            },
            "end": {
              "line": 167,
              "column": 10
            }
          }
        },
        "25": {
          "name": "(anonymous_36)",
          "decl": {
            "start": {
              "line": 171,
              "column": 43
            },
            "end": {
              "line": 171,
              "column": 57
            }
          },
          "loc": {
            "start": {
              "line": 171,
              "column": 43
            },
            "end": {
              "line": 171,
              "column": 29
            }
          }
        },
        "26": {
          "name": "onValidationUpdate",
          "decl": {
            "start": {
              "line": 174,
              "column": 14
            },
            "end": {
              "line": 174,
              "column": 30
            }
          },
          "loc": {
            "start": {
              "line": 174,
              "column": 14
            },
            "end": {
              "line": 167,
              "column": 10
            }
          }
        },
        "27": {
          "name": "(anonymous_38)",
          "decl": {
            "start": {
              "line": 174,
              "column": 45
            },
            "end": {
              "line": 174,
              "column": 59
            }
          },
          "loc": {
            "start": {
              "line": 174,
              "column": 45
            },
            "end": {
              "line": 174,
              "column": 31
            }
          }
        }
      },
      "branchMap": {
        "0": {
          "loc": {
            "start": {
              "line": 33,
              "column": 16
            },
            "end": {
              "line": 36,
              "column": 3
            }
          },
          "type": "binary-expr",
          "locations": [
            {
              "start": {
                "line": 33,
                "column": 16
              },
              "end": {
                "line": 36,
                "column": 3
              }
            },
            {
              "start": {
                "line": 33,
                "column": 16
              },
              "end": {
                "line": 36,
                "column": 3
              }
            }
          ]
        }
      },
      "s": {
        "0": 0,
        "1": 0,
        "2": 0,
        "3": 0,
        "4": 0,
        "5": 0,
        "6": 0,
        "7": 0,
        "8": 0,
        "9": 0,
        "10": 0,
        "11": 0,
        "12": 0,
        "13": 0,
        "14": 0,
        "15": 0,
        "16": 0,
        "17": 0,
        "18": 0,
        "19": 0,
        "20": 0,
        "21": 0,
        "22": 0,
        "23": 0,
        "24": 0,
        "25": 0,
        "26": 0,
        "27": 0,
        "28": 0,
        "29": 0,
        "30": 0,
        "31": 0,
        "32": 0,
        "33": 0,
        "34": 0,
        "35": 0,
        "36": 0,
        "37": 0,
        "38": 0,
        "39": 0,
        "40": 0,
        "41": 0,
        "42": 0
      },
      "f": {
        "0": 0,
        "1": 0,
        "2": 0,
        "3": 0,
        "4": 0,
        "5": 0,
        "6": 0,
        "7": 0,
        "8": 0,
        "9": 0,
        "10": 0,
        "11": 0,
        "12": 0,
        "13": 0,
        "14": 0,
        "15": 0,
        "16": 0,
        "17": 0,
        "18": 0,
        "19": 0,
        "20": 0,
        "21": 0,
        "22": 0,
        "23": 0,
        "24": 0,
        "25": 0,
        "26": 0,
        "27": 0
      },
      "b": {
        "0": [
          0,
          0
        ]
      }
    },
    "/Users/chennu/Desktop/test/app_mobile_carrier360/src/screens/Offers/InactiveOffers/InactiveOffers.js": {
      "path": "/Users/chennu/Desktop/test/app_mobile_carrier360/src/screens/Offers/InactiveOffers/InactiveOffers.js",
      "statementMap": {
        "0": {
          "start": {
            "line": 1,
            "column": 0
          },
          "end": {
            "line": null,
            "column": -1
          }
        },
        "1": {
          "start": {
            "line": 2,
            "column": 0
          },
          "end": {
            "line": 3,
            "column": -1
          }
        },
        "2": {
          "start": {
            "line": 3,
            "column": 0
          },
          "end": {
            "line": null,
            "column": -1
          }
        },
        "3": {
          "start": {
            "line": 7,
            "column": 4
          },
          "end": {
            "line": 12,
            "column": 3
          }
        }
      },
      "fnMap": {},
      "branchMap": {},
      "s": {
        "0": 0,
        "1": 0,
        "2": 0,
        "3": 0
      },
      "f": {},
      "b": {}
    },
    "/Users/chennu/Desktop/test/app_mobile_carrier360/src/screens/Offers/ActiveOffers/ActiveOffers.js": {
      "path": "/Users/chennu/Desktop/test/app_mobile_carrier360/src/screens/Offers/ActiveOffers/ActiveOffers.js",
      "statementMap": {
        "0": {
          "start": {
            "line": 1,
            "column": 0
          },
          "end": {
            "line": null,
            "column": -1
          }
        },
        "1": {
          "start": {
            "line": 2,
            "column": 0
          },
          "end": {
            "line": 3,
            "column": -1
          }
        },
        "2": {
          "start": {
            "line": 3,
            "column": 0
          },
          "end": {
            "line": 4,
            "column": -1
          }
        },
        "3": {
          "start": {
            "line": 4,
            "column": 0
          },
          "end": {
            "line": null,
            "column": -1
          }
        },
        "4": {
          "start": {
            "line": 5,
            "column": 0
          },
          "end": {
            "line": null,
            "column": -1
          }
        },
        "5": {
          "start": {
            "line": 8,
            "column": 11
          },
          "end": {
            "line": 9,
            "column": 3
          }
        },
        "6": {
          "start": {
            "line": 9,
            "column": 4
          },
          "end": {
            "line": 22,
            "column": 3
          }
        },
        "7": {
          "start": {
            "line": 16,
            "column": 20
          },
          "end": {
            "line": 12,
            "column": 7
          }
        }
      },
      "fnMap": {
        "0": {
          "name": "onPress",
          "decl": {
            "start": {
              "line": 16,
              "column": 20
            },
            "end": {
              "line": 16,
              "column": 25
            }
          },
          "loc": {
            "start": {
              "line": 16,
              "column": 20
            },
            "end": {
              "line": 12,
              "column": 8
            }
          }
        }
      },
      "branchMap": {},
      "s": {
        "0": 0,
        "1": 0,
        "2": 0,
        "3": 0,
        "4": 0,
        "5": 0,
        "6": 0,
        "7": 0
      },
      "f": {
        "0": 0
      },
      "b": {}
    },
    "/Users/chennu/Desktop/test/app_mobile_carrier360/src/screens/Offers/OfferDetails/OfferDetails.js": {
      "path": "/Users/chennu/Desktop/test/app_mobile_carrier360/src/screens/Offers/OfferDetails/OfferDetails.js",
      "statementMap": {
        "0": {
          "start": {
            "line": 1,
            "column": 0
          },
          "end": {
            "line": null,
            "column": -1
          }
        },
        "1": {
          "start": {
            "line": 2,
            "column": 0
          },
          "end": {
            "line": 3,
            "column": -1
          }
        },
        "2": {
          "start": {
            "line": 3,
            "column": 0
          },
          "end": {
            "line": null,
            "column": -1
          }
        },
        "3": {
          "start": {
            "line": 7,
            "column": 23
          },
          "end": {
            "line": 6,
            "column": 11
          }
        },
        "4": {
          "start": {
            "line": 8,
            "column": 4
          },
          "end": {
            "line": 14,
            "column": 3
          }
        }
      },
      "fnMap": {},
      "branchMap": {
        "0": {
          "loc": {
            "start": {
              "line": 11,
              "column": 50
            },
            "end": {
              "line": 11,
              "column": 59
            }
          },
          "type": "binary-expr",
          "locations": [
            {
              "start": {
                "line": 11,
                "column": 50
              },
              "end": {
                "line": 11,
                "column": 59
              }
            },
            {
              "start": {
                "line": 11,
                "column": 60
              },
              "end": {
                "line": 11,
                "column": 8
              }
            }
          ]
        }
      },
      "s": {
        "0": 0,
        "1": 0,
        "2": 0,
        "3": 0,
        "4": 0
      },
      "f": {},
      "b": {
        "0": [
          0,
          0
        ]
      }
    },
    "/Users/chennu/Desktop/test/app_mobile_carrier360/src/screens/MyLoads/AcceptanceNeeded/AcceptanceNeeded.js": {
      "path": "/Users/chennu/Desktop/test/app_mobile_carrier360/src/screens/MyLoads/AcceptanceNeeded/AcceptanceNeeded.js",
      "statementMap": {
        "0": {
          "start": {
            "line": 1,
            "column": 0
          },
          "end": {
            "line": null,
            "column": -1
          }
        },
        "1": {
          "start": {
            "line": 2,
            "column": 0
          },
          "end": {
            "line": 3,
            "column": -1
          }
        },
        "2": {
          "start": {
            "line": 3,
            "column": 0
          },
          "end": {
            "line": 4,
            "column": -1
          }
        },
        "3": {
          "start": {
            "line": 4,
            "column": 0
          },
          "end": {
            "line": null,
            "column": -1
          }
        },
        "4": {
          "start": {
            "line": 8,
            "column": 4
          },
          "end": {
            "line": 13,
            "column": 3
          }
        }
      },
      "fnMap": {},
      "branchMap": {},
      "s": {
        "0": 0,
        "1": 0,
        "2": 0,
        "3": 0,
        "4": 0
      },
      "f": {},
      "b": {}
    },
    "/Users/chennu/Desktop/test/app_mobile_carrier360/src/screens/MyLoads/DriverAssignment/DriverAssignment.js": {
      "path": "/Users/chennu/Desktop/test/app_mobile_carrier360/src/screens/MyLoads/DriverAssignment/DriverAssignment.js",
      "statementMap": {
        "0": {
          "start": {
            "line": 1,
            "column": 0
          },
          "end": {
            "line": null,
            "column": -1
          }
        },
        "1": {
          "start": {
            "line": 2,
            "column": 0
          },
          "end": {
            "line": 3,
            "column": -1
          }
        },
        "2": {
          "start": {
            "line": 3,
            "column": 0
          },
          "end": {
            "line": 4,
            "column": -1
          }
        },
        "3": {
          "start": {
            "line": 4,
            "column": 0
          },
          "end": {
            "line": null,
            "column": -1
          }
        },
        "4": {
          "start": {
            "line": 8,
            "column": 4
          },
          "end": {
            "line": 13,
            "column": 3
          }
        }
      },
      "fnMap": {},
      "branchMap": {},
      "s": {
        "0": 0,
        "1": 0,
        "2": 0,
        "3": 0,
        "4": 0
      },
      "f": {},
      "b": {}
    },
    "/Users/chennu/Desktop/test/app_mobile_carrier360/src/screens/MyLoads/Completed/Completed.js": {
      "path": "/Users/chennu/Desktop/test/app_mobile_carrier360/src/screens/MyLoads/Completed/Completed.js",
      "statementMap": {
        "0": {
          "start": {
            "line": 1,
            "column": 0
          },
          "end": {
            "line": null,
            "column": -1
          }
        },
        "1": {
          "start": {
            "line": 2,
            "column": 0
          },
          "end": {
            "line": 3,
            "column": -1
          }
        },
        "2": {
          "start": {
            "line": 3,
            "column": 0
          },
          "end": {
            "line": 4,
            "column": -1
          }
        },
        "3": {
          "start": {
            "line": 4,
            "column": 0
          },
          "end": {
            "line": null,
            "column": -1
          }
        },
        "4": {
          "start": {
            "line": 8,
            "column": 4
          },
          "end": {
            "line": 13,
            "column": 3
          }
        }
      },
      "fnMap": {},
      "branchMap": {},
      "s": {
        "0": 0,
        "1": 0,
        "2": 0,
        "3": 0,
        "4": 0
      },
      "f": {},
      "b": {}
    },
    "/Users/chennu/Desktop/test/app_mobile_carrier360/src/screens/MyLoads/InTransit/InTransit.js": {
      "path": "/Users/chennu/Desktop/test/app_mobile_carrier360/src/screens/MyLoads/InTransit/InTransit.js",
      "statementMap": {
        "0": {
          "start": {
            "line": 1,
            "column": 0
          },
          "end": {
            "line": null,
            "column": -1
          }
        },
        "1": {
          "start": {
            "line": 2,
            "column": 0
          },
          "end": {
            "line": 3,
            "column": -1
          }
        },
        "2": {
          "start": {
            "line": 3,
            "column": 0
          },
          "end": {
            "line": 4,
            "column": -1
          }
        },
        "3": {
          "start": {
            "line": 4,
            "column": 0
          },
          "end": {
            "line": null,
            "column": -1
          }
        },
        "4": {
          "start": {
            "line": 5,
            "column": 0
          },
          "end": {
            "line": null,
            "column": -1
          }
        },
        "5": {
          "start": {
            "line": 8,
            "column": 11
          },
          "end": {
            "line": 9,
            "column": 11
          }
        },
        "6": {
          "start": {
            "line": 9,
            "column": 23
          },
          "end": {
            "line": 8,
            "column": 11
          }
        },
        "7": {
          "start": {
            "line": 10,
            "column": 16
          },
          "end": {
            "line": 10,
            "column": 4
          }
        },
        "8": {
          "start": {
            "line": 11,
            "column": 4
          },
          "end": {
            "line": 29,
            "column": 3
          }
        },
        "9": {
          "start": {
            "line": 21,
            "column": 20
          },
          "end": {
            "line": 14,
            "column": 7
          }
        }
      },
      "fnMap": {
        "0": {
          "name": "onPress",
          "decl": {
            "start": {
              "line": 21,
              "column": 20
            },
            "end": {
              "line": 22,
              "column": 11
            }
          },
          "loc": {
            "start": {
              "line": 21,
              "column": 20
            },
            "end": {
              "line": 14,
              "column": 8
            }
          }
        }
      },
      "branchMap": {
        "0": {
          "loc": {
            "start": {
              "line": 10,
              "column": 39
            },
            "end": {
              "line": 10,
              "column": 16
            }
          },
          "type": "cond-expr",
          "locations": [
            {
              "start": {
                "line": 10,
                "column": 39
              },
              "end": {
                "line": 10,
                "column": 16
              }
            },
            {
              "start": {
                "line": 10,
                "column": 52
              },
              "end": {
                "line": 10,
                "column": 4
              }
            }
          ]
        }
      },
      "s": {
        "0": 0,
        "1": 0,
        "2": 0,
        "3": 0,
        "4": 0,
        "5": 0,
        "6": 0,
        "7": 0,
        "8": 0,
        "9": 0
      },
      "f": {
        "0": 0
      },
      "b": {
        "0": [
          0,
          0
        ]
      }
    },
    "/Users/chennu/Desktop/test/app_mobile_carrier360/src/screens/MyLoads/LoadDetails/LoadDetails.js": {
      "path": "/Users/chennu/Desktop/test/app_mobile_carrier360/src/screens/MyLoads/LoadDetails/LoadDetails.js",
      "statementMap": {
        "0": {
          "start": {
            "line": 1,
            "column": 0
          },
          "end": {
            "line": null,
            "column": -1
          }
        },
        "1": {
          "start": {
            "line": 2,
            "column": 0
          },
          "end": {
            "line": 3,
            "column": -1
          }
        },
        "2": {
          "start": {
            "line": 3,
            "column": 0
          },
          "end": {
            "line": null,
            "column": -1
          }
        },
        "3": {
          "start": {
            "line": 7,
            "column": 23
          },
          "end": {
            "line": 6,
            "column": 11
          }
        },
        "4": {
          "start": {
            "line": 8,
            "column": 4
          },
          "end": {
            "line": 14,
            "column": 3
          }
        }
      },
      "fnMap": {},
      "branchMap": {
        "0": {
          "loc": {
            "start": {
              "line": 11,
              "column": 50
            },
            "end": {
              "line": 11,
              "column": 59
            }
          },
          "type": "binary-expr",
          "locations": [
            {
              "start": {
                "line": 11,
                "column": 50
              },
              "end": {
                "line": 11,
                "column": 59
              }
            },
            {
              "start": {
                "line": 11,
                "column": 60
              },
              "end": {
                "line": 11,
                "column": 8
              }
            }
          ]
        }
      },
      "s": {
        "0": 0,
        "1": 0,
        "2": 0,
        "3": 0,
        "4": 0
      },
      "f": {},
      "b": {
        "0": [
          0,
          0
        ]
      }
    },
    "/Users/chennu/Desktop/test/app_mobile_carrier360/src/screens/ManageUsers/ActiveUsers/ActiveUsers.js": {
      "path": "/Users/chennu/Desktop/test/app_mobile_carrier360/src/screens/ManageUsers/ActiveUsers/ActiveUsers.js",
      "statementMap": {
        "0": {
          "start": {
            "line": 1,
            "column": 0
          },
          "end": {
            "line": null,
            "column": -1
          }
        },
        "1": {
          "start": {
            "line": 2,
            "column": 0
          },
          "end": {
            "line": 3,
            "column": -1
          }
        },
        "2": {
          "start": {
            "line": 3,
            "column": 0
          },
          "end": {
            "line": 4,
            "column": -1
          }
        },
        "3": {
          "start": {
            "line": 4,
            "column": 0
          },
          "end": {
            "line": null,
            "column": -1
          }
        },
        "4": {
          "start": {
            "line": 8,
            "column": 4
          },
          "end": {
            "line": 13,
            "column": 3
          }
        }
      },
      "fnMap": {},
      "branchMap": {},
      "s": {
        "0": 0,
        "1": 0,
        "2": 0,
        "3": 0,
        "4": 0
      },
      "f": {},
      "b": {}
    },
    "/Users/chennu/Desktop/test/app_mobile_carrier360/src/screens/Login/LoginBiometrics/LoginBiometrics.style.js": {
      "path": "/Users/chennu/Desktop/test/app_mobile_carrier360/src/screens/Login/LoginBiometrics/LoginBiometrics.style.js",
      "statementMap": {
        "0": {
          "start": {
            "line": 1,
            "column": 0
          },
          "end": {
            "line": null,
            "column": -1
          }
        }
      },
      "fnMap": {},
      "branchMap": {},
      "s": {
        "0": 0
      },
      "f": {},
      "b": {}
    },
    "/Users/chennu/Desktop/test/app_mobile_carrier360/src/screens/ManageUsers/PendingUsers/PendingUsers.js": {
      "path": "/Users/chennu/Desktop/test/app_mobile_carrier360/src/screens/ManageUsers/PendingUsers/PendingUsers.js",
      "statementMap": {
        "0": {
          "start": {
            "line": 1,
            "column": 0
          },
          "end": {
            "line": null,
            "column": -1
[...]
            "column": -1
          }
        },
        "4": {
          "start": {
            "line": 5,
            "column": 0
          },
          "end": {
            "line": null,
            "column": -1
          }
        },
        "5": {
          "start": {
            "line": 6,
            "column": 0
          },
          "end": {
            "line": null,
            "column": -1
          }
        },
        "6": {
          "start": {
            "line": 26,
            "column": 13
          },
          "end": {
            "line": 26,
            "column": 7
          }
        }
      },
      "fnMap": {},
      "branchMap": {},
      "s": {
        "0": 0,
        "1": 0,
        "2": 0,
        "3": 0,
        "4": 0,
        "5": 0,
        "6": 0
      },
      "f": {},
      "b": {}
    },
    "/Users/chennu/Desktop/test/app_mobile_carrier360/src/navigators/AppNavigator.js": {
      "path": "/Users/chennu/Desktop/test/app_mobile_carrier360/src/navigators/AppNavigator.js",
      "statementMap": {
        "0": {
          "start": {
            "line": 1,
            "column": 0
          },
          "end": {
            "line": null,
            "column": -1
          }
        },
        "1": {
          "start": {
            "line": 2,
            "column": 0
          },
          "end": {
            "line": 3,
            "column": -1
          }
        },
        "2": {
          "start": {
            "line": 3,
            "column": 0
          },
          "end": {
            "line": null,
            "column": -1
          }
        },
        "3": {
          "start": {
            "line": 4,
            "column": 0
          },
          "end": {
            "line": null,
            "column": -1
          }
        },
        "4": {
          "start": {
            "line": 5,
            "column": 0
          },
          "end": {
            "line": null,
            "column": -1
          }
        },
        "5": {
          "start": {
            "line": 6,
            "column": 0
          },
          "end": {
            "line": null,
            "column": -1
          }
        },
        "6": {
          "start": {
            "line": 8,
            "column": 13
          },
          "end": {
            "line": 8,
            "column": 7
          }
        },
        "7": {
          "start": {
            "line": 10,
            "column": 13
          },
          "end": {
            "line": 10,
            "column": 7
          }
        }
      },
      "fnMap": {},
      "branchMap": {},
      "s": {
        "0": 0,
        "1": 0,
        "2": 0,
        "3": 0,
        "4": 0,
        "5": 0,
        "6": 0,
        "7": 0
      },
      "f": {},
      "b": {}
    },
    "/Users/chennu/Desktop/test/app_mobile_carrier360/src/themes/360Colors.js": {
      "path": "/Users/chennu/Desktop/test/app_mobile_carrier360/src/themes/360Colors.js",
      "statementMap": {
        "0": {
          "start": {
            "line": 1,
            "column": 19
          },
          "end": {
            "line": 1,
            "column": 0
          }
        }
      },
      "fnMap": {},
      "branchMap": {},
      "s": {
        "0": 0
      },
      "f": {},
      "b": {}
    },
    "/Users/chennu/Desktop/test/app_mobile_carrier360/src/utilities/index.js": {
      "path": "/Users/chennu/Desktop/test/app_mobile_carrier360/src/utilities/index.js",
      "statementMap": {
        "0": {
          "start": {
            "line": 1,
            "column": 0
          },
          "end": {
            "line": null,
            "column": -1
          }
        },
        "1": {
          "start": {
            "line": 2,
            "column": 0
          },
          "end": {
            "line": null,
            "column": -1
          }
        },
        "2": {
          "start": {
            "line": 3,
            "column": 0
          },
          "end": {
            "line": null,
            "column": -1
          }
        },
        "3": {
          "start": {
            "line": 4,
            "column": 0
          },
          "end": {
            "line": null,
            "column": -1
          }
        }
      },
      "fnMap": {
        "0": {
          "name": "(anonymous_0)",
          "decl": {
            "start": {
              "line": 1,
              "column": 0
            },
            "end": {
              "line": null,
              "column": -1
            }
          },
          "loc": {
            "start": {
              "line": 1,
              "column": 0
            },
            "end": {
              "line": null,
              "column": -1
            }
          }
        },
        "1": {
          "name": "(anonymous_2)",
          "decl": {
            "start": {
              "line": 2,
              "column": 0
            },
            "end": {
              "line": null,
              "column": -1
            }
          },
          "loc": {
            "start": {
              "line": 2,
              "column": 0
            },
            "end": {
              "line": null,
              "column": -1
            }
          }
        },
        "2": {
          "name": "(anonymous_4)",
          "decl": {
            "start": {
              "line": 3,
              "column": 0
            },
            "end": {
              "line": null,
              "column": -1
            }
          },
          "loc": {
            "start": {
              "line": 3,
              "column": 0
            },
            "end": {
              "line": null,
              "column": -1
            }
          }
        },
        "3": {
          "name": "(anonymous_6)",
          "decl": {
            "start": {
              "line": 4,
              "column": 0
            },
            "end": {
              "line": null,
              "column": -1
            }
          },
          "loc": {
            "start": {
              "line": 4,
              "column": 0
            },
            "end": {
              "line": null,
              "column": -1
            }
          }
        }
      },
      "branchMap": {
        "0": {
          "loc": {
            "start": {
              "line": 1,
              "column": 0
            },
            "end": {
              "line": null,
              "column": -1
            }
          },
          "type": "if",
          "locations": [
            {
              "start": {
                "line": 1,
                "column": 0
              },
              "end": {
                "line": null,
                "column": -1
              }
            },
            {
              "start": {
                "line": 1,
                "column": 0
              },
              "end": {
                "line": null,
                "column": -1
              }
            }
          ]
        },
        "1": {
          "loc": {
            "start": {
              "line": 2,
              "column": 0
            },
            "end": {
              "line": null,
              "column": -1
            }
          },
          "type": "if",
          "locations": [
            {
              "start": {
                "line": 2,
                "column": 0
              },
              "end": {
                "line": null,
                "column": -1
              }
            },
            {
              "start": {
                "line": 2,
                "column": 0
              },
              "end": {
                "line": null,
                "column": -1
              }
            }
          ]
        },
        "2": {
          "loc": {
            "start": {
              "line": 3,
              "column": 0
            },
            "end": {
              "line": null,
              "column": -1
            }
          },
          "type": "if",
          "locations": [
            {
              "start": {
                "line": 3,
                "column": 0
              },
              "end": {
                "line": null,
                "column": -1
              }
            },
            {
              "start": {
                "line": 3,
                "column": 0
              },
              "end": {
                "line": null,
                "column": -1
              }
            }
          ]
        },
        "3": {
          "loc": {
            "start": {
              "line": 4,
              "column": 0
            },
            "end": {
              "line": null,
              "column": -1
            }
          },
          "type": "if",
          "locations": [
            {
              "start": {
                "line": 4,
                "column": 0
              },
              "end": {
                "line": null,
                "column": -1
              }
            },
            {
              "start": {
                "line": 4,
                "column": 0
              },
              "end": {
                "line": null,
                "column": -1
              }
            }
          ]
        }
      },
      "s": {
        "0": 0,
        "1": 0,
        "2": 0,
        "3": 0
      },
      "f": {
        "0": 0,
        "1": 0,
        "2": 0,
        "3": 0
      },
      "b": {
        "0": [
          0,
          0
        ],
        "1": [
          0,
          0
        ],
        "2": [
          0,
          0
        ],
        "3": [
          0,
          0
        ]
      }
    },
    "/Users/chennu/Desktop/test/app_mobile_carrier360/src/index.js": {
      "path": "/Users/chennu/Desktop/test/app_mobile_carrier360/src/index.js",
      "statementMap": {
        "0": {
          "start": {
            "line": 1,
            "column": 0
          },
          "end": {
            "line": 2,
            "column": -1
          }
        },
        "1": {
          "start": {
            "line": 2,
            "column": 0
          },
          "end": {
            "line": null,
            "column": -1
          }
        },
        "2": {
          "start": {
            "line": 4,
            "column": 0
          },
          "end": {
            "line": null,
            "column": -1
          }
        },
        "3": {
          "start": {
            "line": 4,
            "column": 55
          },
          "end": {
            "line": 4,
            "column": -1
          }
        }
      },
      "fnMap": {
        "0": {
          "name": "(anonymous_1)",
          "decl": {
            "start": {
              "line": 4,
              "column": 55
            },
            "end": {
              "line": 4,
              "column": -1
            }
          },
          "loc": {
            "start": {
              "line": 4,
              "column": 55
            },
            "end": {
              "line": 4,
              "column": 0
            }
          }
        }
      },
      "branchMap": {},
      "s": {
        "0": 0,
        "1": 0,
        "2": 0,
        "3": 0
      },
      "f": {
        "0": 0
      },
      "b": {}
    },
    "/Users/chennu/Desktop/test/app_mobile_carrier360/src/utilities/case.js": {
      "path": "/Users/chennu/Desktop/test/app_mobile_carrier360/src/utilities/case.js",
      "statementMap": {
        "0": {
          "start": {
            "line": 2,
            "column": 13
          },
          "end": {
            "line": 2,
            "column": 7
          }
        },
        "1": {
          "start": {
            "line": 2,
            "column": 33
          },
          "end": {
            "line": 2,
            "column": 6
          }
        },
        "2": {
          "start": {
            "line": 2,
            "column": 73
          },
          "end": {
            "line": 2,
            "column": 40
          }
        },
        "3": {
          "start": {
            "line": 4,
            "column": 13
          },
          "end": {
            "line": 4,
            "column": 7
          }
        },
        "4": {
          "start": {
            "line": 4,
            "column": 28
          },
          "end": {
            "line": 4,
            "column": 6
          }
        },
        "5": {
          "start": {
            "line": 6,
            "column": 13
          },
          "end": {
            "line": 6,
            "column": 7
          }
        },
        "6": {
          "start": {
            "line": 6,
            "column": 37
          },
          "end": {
            "line": 6,
            "column": 6
          }
        },
        "7": {
          "start": {
            "line": 8,
            "column": 13
          },
          "end": {
            "line": 8,
            "column": 7
          }
        },
        "8": {
          "start": {
            "line": 8,
            "column": 36
          },
          "end": {
            "line": 8,
            "column": 6
          }
        },
        "9": {
          "start": {
            "line": 10,
            "column": 13
          },
          "end": {
            "line": 10,
            "column": 7
          }
        },
        "10": {
          "start": {
            "line": 10,
            "column": 33
          },
          "end": {
            "line": 10,
            "column": 6
          }
        },
        "11": {
          "start": {
            "line": 10,
            "column": 78
          },
          "end": {
            "line": 10,
            "column": 40
          }
        }
      },
      "fnMap": {
        "0": {
          "name": "camelToUnderscore",
          "decl": {
            "start": {
              "line": 2,
              "column": 13
            },
            "end": {
              "line": 2,
              "column": 33
            }
          },
          "loc": {
            "start": {
              "line": 2,
              "column": 33
            },
            "end": {
              "line": 2,
              "column": 7
            }
          }
        },
        "1": {
          "name": "(anonymous_1)",
          "decl": {
            "start": {
              "line": 2,
              "column": 73
            },
            "end": {
              "line": 2,
              "column": 73
            }
          },
          "loc": {
            "start": {
              "line": 2,
              "column": 73
            },
            "end": {
              "line": 2,
              "column": 41
            }
          }
        },
        "2": {
          "name": "camelToSnake",
          "decl": {
            "start": {
              "line": 4,
              "column": 13
            },
            "end": {
              "line": 4,
              "column": 28
            }
          },
          "loc": {
            "start": {
              "line": 4,
              "column": 28
            },
            "end": {
              "line": 4,
              "column": 7
            }
          }
        },
        "3": {
          "name": "capitalizeFirstLetter",
          "decl": {
            "start": {
              "line": 6,
              "column": 13
            },
            "end": {
              "line": 6,
              "column": 37
            }
          },
          "loc": {
            "start": {
              "line": 6,
              "column": 37
            },
            "end": {
              "line": 6,
              "column": 7
            }
          }
        },
        "4": {
          "name": "lowerCaseFirstLetter",
          "decl": {
            "start": {
              "line": 8,
              "column": 13
            },
            "end": {
              "line": 8,
              "column": 36
            }
          },
          "loc": {
            "start": {
              "line": 8,
              "column": 36
            },
            "end": {
              "line": 8,
              "column": 7
            }
          }
        },
        "5": {
          "name": "underScoreToCamel",
          "decl": {
            "start": {
              "line": 10,
              "column": 13
            },
            "end": {
              "line": 10,
              "column": 33
            }
          },
          "loc": {
            "start": {
              "line": 10,
              "column": 33
            },
            "end": {
              "line": 10,
              "column": 7
            }
          }
        },
        "6": {
          "name": "(anonymous_6)",
          "decl": {
            "start": {
              "line": 10,
              "column": 78
            },
            "end": {
              "line": 10,
              "column": 82
            }
          },
          "loc": {
            "start": {
              "line": 10,
              "column": 78
            },
            "end": {
              "line": 10,
              "column": 41
            }
          }
        }
      },
      "branchMap": {},
      "s": {
        "0": 0,
        "1": 0,
        "2": 0,
        "3": 0,
        "4": 0,
        "5": 0,
        "6": 0,
        "7": 0,
        "8": 0,
        "9": 0,
        "10": 0,
        "11": 0
      },
      "f": {
        "0": 0,
        "1": 0,
        "2": 0,
        "3": 0,
        "4": 0,
        "5": 0,
        "6": 0
      },
      "b": {}
    },
    "/Users/chennu/Desktop/test/app_mobile_carrier360/src/App.js": {
      "path": "/Users/chennu/Desktop/test/app_mobile_carrier360/src/App.js",
      "statementMap": {
        "0": {
          "start": {
            "line": 1,
            "column": 0
          },
          "end": {
            "line": null,
            "column": -1
          }
        },
        "1": {
          "start": {
            "line": 2,
            "column": 0
          },
          "end": {
            "line": 3,
            "column": -1
          }
        },
        "2": {
          "start": {
            "line": 3,
            "column": 0
          },
          "end": {
            "line": 4,
            "column": -1
          }
        },
        "3": {
          "start": {
            "line": 4,
            "column": 0
          },
          "end": {
            "line": 5,
            "column": -1
          }
        },
        "4": {
          "start": {
            "line": 5,
            "column": 0
          },
          "end": {
            "line": null,
            "column": -1
          }
        },
        "5": {
          "start": {
            "line": 6,
            "column": 0
          },
          "end": {
            "line": null,
            "column": -1
          }
        },
        "6": {
          "start": {
            "line": 7,
            "column": 0
          },
          "end": {
            "line": null,
            "column": -1
          }
        },
        "7": {
          "start": {
            "line": 8,
            "column": 0
          },
          "end": {
            "line": null,
            "column": -1
          }
        },
        "8": {
          "start": {
            "line": 9,
            "column": 0
          },
          "end": {
            "line": null,
            "column": -1
          }
        },
        "9": {
          "start": {
            "line": 13,
            "column": 4
          },
          "end": {
            "line": 14,
            "column": 3
          }
        },
        "10": {
          "start": {
            "line": 17,
            "column": 4
          },
          "end": {
            "line": 26,
            "column": 3
          }
        }
      },
      "fnMap": {},
      "branchMap": {},
      "s": {
        "0": 0,
        "1": 0,
        "2": 0,
        "3": 0,
        "4": 0,
        "5": 0,
        "6": 0,
        "7": 0,
        "8": 0,
        "9": 0,
        "10": 0
      },
      "f": {},
      "b": {}
    }
  }
}